<?xml version="1.0" encoding="UTF-8"?>
<testsuite name="com.klarna.hiverunner.CtasTest" tests="3" skipped="0" failures="0" errors="0" timestamp="2015-09-09T16:10:50" hostname="Himanshu.local" time="5.342">
  <properties/>
  <testcase name="verifyThatDataIsAvailableInCtas" classname="com.klarna.hiverunner.CtasTest" time="3.908"/>
  <testcase name="tablesShouldBeCreated" classname="com.klarna.hiverunner.CtasTest" time="0.752"/>
  <testcase name="testCountCtas" classname="com.klarna.hiverunner.CtasTest" time="0.682"/>
  <system-out><![CDATA[]]></system-out>
  <system-err><![CDATA[15/09/09 11:10:50 INFO metastore.HiveMetaStore: 0: Opening raw store with implemenation class:org.apache.hadoop.hive.metastore.ObjectStore
15/09/09 11:10:51 INFO metastore.ObjectStore: ObjectStore, initialize called
15/09/09 11:10:51 INFO DataNucleus.Persistence: Property datanucleus.cache.level2 unknown - will be ignored
15/09/09 11:10:51 INFO DataNucleus.Persistence: Property hive.metastore.integral.jdo.pushdown unknown - will be ignored
15/09/09 11:10:51 INFO metastore.ObjectStore: Setting MetaStore object pin classes with hive.metastore.cache.pinobjtypes="Table,StorageDescriptor,SerDeInfo,Partition,Database,Type,FieldSchema,Order"
15/09/09 11:10:51 INFO metastore.MetaStoreDirectSql: MySQL check failed, assuming we are not on mysql: unknown token: 
15/09/09 11:10:52 INFO DataNucleus.Datastore: The class "org.apache.hadoop.hive.metastore.model.MFieldSchema" is tagged as "embedded-only" so does not have its own datastore table.
15/09/09 11:10:52 INFO DataNucleus.Datastore: The class "org.apache.hadoop.hive.metastore.model.MOrder" is tagged as "embedded-only" so does not have its own datastore table.
15/09/09 11:10:52 INFO DataNucleus.Datastore: The class "org.apache.hadoop.hive.metastore.model.MFieldSchema" is tagged as "embedded-only" so does not have its own datastore table.
15/09/09 11:10:52 INFO DataNucleus.Datastore: The class "org.apache.hadoop.hive.metastore.model.MOrder" is tagged as "embedded-only" so does not have its own datastore table.
15/09/09 11:10:52 INFO metastore.ObjectStore: Initialized ObjectStore
15/09/09 11:10:52 WARN metastore.ObjectStore: Version information not found in metastore. hive.metastore.schema.verification is not enabled so recording the schema version 0.13.0
15/09/09 11:10:52 WARN util.NativeCodeLoader: Unable to load native-hadoop library for your platform... using builtin-java classes where applicable
15/09/09 11:10:52 INFO metastore.HiveMetaStore: Added admin role in metastore
15/09/09 11:10:52 INFO metastore.HiveMetaStore: Added public role in metastore
15/09/09 11:10:52 INFO metastore.HiveMetaStore: No user is added in admin role, since config is empty
15/09/09 11:10:52 INFO metastore.HiveMetaStore: No user is added in admin role, since config is empty
15/09/09 11:10:52 INFO session.SessionState: No Tez session required at this point. hive.execution.engine=mr.
15/09/09 11:10:52 INFO service.HiveServer: Putting temp output to file /var/folders/y7/4_pz5fzx54ngcmghz3v6t3m00000gn/T/junit839057265253569739/localscratchdir/0e3417b4-80d7-4111-9f43-4d646d1d9ee58071911523151154867.pipeout
15/09/09 11:10:52 INFO service.HiveServer: Running the query: SHOW TABLES
15/09/09 11:10:52 INFO log.PerfLogger: <PERFLOG method=Driver.run from=org.apache.hadoop.hive.ql.Driver>
15/09/09 11:10:52 INFO log.PerfLogger: <PERFLOG method=TimeToSubmit from=org.apache.hadoop.hive.ql.Driver>
15/09/09 11:10:52 INFO ql.Driver: Concurrency mode is disabled, not creating a lock manager
15/09/09 11:10:52 INFO log.PerfLogger: <PERFLOG method=compile from=org.apache.hadoop.hive.ql.Driver>
15/09/09 11:10:52 INFO log.PerfLogger: <PERFLOG method=parse from=org.apache.hadoop.hive.ql.Driver>
15/09/09 11:10:52 INFO parse.ParseDriver: Parsing command: SHOW TABLES
15/09/09 11:10:52 INFO parse.ParseDriver: Parse Completed
15/09/09 11:10:52 INFO log.PerfLogger: </PERFLOG method=parse start=1441815052719 end=1441815052980 duration=261 from=org.apache.hadoop.hive.ql.Driver>
15/09/09 11:10:52 INFO log.PerfLogger: <PERFLOG method=semanticAnalyze from=org.apache.hadoop.hive.ql.Driver>
15/09/09 11:10:53 INFO ql.Driver: Semantic Analysis Completed
15/09/09 11:10:53 INFO log.PerfLogger: </PERFLOG method=semanticAnalyze start=1441815052981 end=1441815053039 duration=58 from=org.apache.hadoop.hive.ql.Driver>
15/09/09 11:10:53 INFO exec.ListSinkOperator: Initializing Self 0 OP
15/09/09 11:10:53 INFO exec.ListSinkOperator: Operator 0 OP initialized
15/09/09 11:10:53 INFO exec.ListSinkOperator: Initialization Done 0 OP
15/09/09 11:10:53 INFO ql.Driver: Returning Hive schema: Schema(fieldSchemas:[FieldSchema(name:tab_name, type:string, comment:from deserializer)], properties:null)
15/09/09 11:10:53 INFO log.PerfLogger: </PERFLOG method=compile start=1441815052699 end=1441815053080 duration=381 from=org.apache.hadoop.hive.ql.Driver>
15/09/09 11:10:53 INFO log.PerfLogger: <PERFLOG method=Driver.execute from=org.apache.hadoop.hive.ql.Driver>
15/09/09 11:10:53 INFO ql.Driver: Starting command: SHOW TABLES
15/09/09 11:10:53 INFO log.PerfLogger: </PERFLOG method=TimeToSubmit start=1441815052698 end=1441815053084 duration=386 from=org.apache.hadoop.hive.ql.Driver>
15/09/09 11:10:53 INFO log.PerfLogger: <PERFLOG method=runTasks from=org.apache.hadoop.hive.ql.Driver>
15/09/09 11:10:53 INFO log.PerfLogger: <PERFLOG method=task.DDL.Stage-0 from=org.apache.hadoop.hive.ql.Driver>
15/09/09 11:10:53 INFO metastore.HiveMetaStore: 0: get_database: default
15/09/09 11:10:53 INFO HiveMetaStore.audit: ugi=hpatel	ip=unknown-ip-addr	cmd=get_database: default	
15/09/09 11:10:53 INFO metastore.HiveMetaStore: 0: get_tables: db=default pat=.*
15/09/09 11:10:53 INFO HiveMetaStore.audit: ugi=hpatel	ip=unknown-ip-addr	cmd=get_tables: db=default pat=.*	
15/09/09 11:10:53 INFO log.PerfLogger: </PERFLOG method=runTasks start=1441815053084 end=1441815053116 duration=32 from=org.apache.hadoop.hive.ql.Driver>
15/09/09 11:10:53 INFO log.PerfLogger: </PERFLOG method=Driver.execute start=1441815053080 end=1441815053116 duration=36 from=org.apache.hadoop.hive.ql.Driver>
OK
15/09/09 11:10:53 INFO ql.Driver: OK
15/09/09 11:10:53 INFO log.PerfLogger: <PERFLOG method=releaseLocks from=org.apache.hadoop.hive.ql.Driver>
15/09/09 11:10:53 INFO log.PerfLogger: </PERFLOG method=releaseLocks start=1441815053116 end=1441815053116 duration=0 from=org.apache.hadoop.hive.ql.Driver>
15/09/09 11:10:53 INFO log.PerfLogger: </PERFLOG method=Driver.run start=1441815052697 end=1441815053116 duration=419 from=org.apache.hadoop.hive.ql.Driver>
15/09/09 11:10:53 INFO builder.HiveShellTearable: Created hive resource /var/folders/y7/4_pz5fzx54ngcmghz3v6t3m00000gn/T/junit839057265253569739/vs/foo/data.csv
15/09/09 11:10:53 INFO service.HiveServer: Running the query: CREATE EXTERNAL TABLE foo (s1 string, s2 string)
  ROW FORMAT DELIMITED FIELDS TERMINATED BY ','
  STORED AS TEXTFILE
  LOCATION '${hiveconf:hive.vs.uri}/foo/'
15/09/09 11:10:53 INFO exec.ListSinkOperator: 0 finished. closing... 
15/09/09 11:10:53 INFO exec.ListSinkOperator: 0 Close done
15/09/09 11:10:53 INFO log.PerfLogger: <PERFLOG method=Driver.run from=org.apache.hadoop.hive.ql.Driver>
15/09/09 11:10:53 INFO log.PerfLogger: <PERFLOG method=TimeToSubmit from=org.apache.hadoop.hive.ql.Driver>
15/09/09 11:10:53 INFO ql.Driver: Concurrency mode is disabled, not creating a lock manager
15/09/09 11:10:53 INFO log.PerfLogger: <PERFLOG method=compile from=org.apache.hadoop.hive.ql.Driver>
15/09/09 11:10:53 INFO log.PerfLogger: <PERFLOG method=parse from=org.apache.hadoop.hive.ql.Driver>
15/09/09 11:10:53 INFO parse.ParseDriver: Parsing command: CREATE EXTERNAL TABLE foo (s1 string, s2 string)
  ROW FORMAT DELIMITED FIELDS TERMINATED BY ','
  STORED AS TEXTFILE
  LOCATION 'file:///var/folders/y7/4_pz5fzx54ngcmghz3v6t3m00000gn/T/junit839057265253569739/vs//foo/'
15/09/09 11:10:53 INFO parse.ParseDriver: Parse Completed
15/09/09 11:10:53 INFO log.PerfLogger: </PERFLOG method=parse start=1441815053121 end=1441815053126 duration=5 from=org.apache.hadoop.hive.ql.Driver>
15/09/09 11:10:53 INFO log.PerfLogger: <PERFLOG method=semanticAnalyze from=org.apache.hadoop.hive.ql.Driver>
15/09/09 11:10:53 INFO parse.SemanticAnalyzer: Starting Semantic Analysis
15/09/09 11:10:53 INFO parse.SemanticAnalyzer: Creating table foo position=22
15/09/09 11:10:53 INFO metastore.HiveMetaStore: 0: get_database: default
15/09/09 11:10:53 INFO HiveMetaStore.audit: ugi=hpatel	ip=unknown-ip-addr	cmd=get_database: default	
15/09/09 11:10:53 INFO ql.Driver: Semantic Analysis Completed
15/09/09 11:10:53 INFO log.PerfLogger: </PERFLOG method=semanticAnalyze start=1441815053126 end=1441815053157 duration=31 from=org.apache.hadoop.hive.ql.Driver>
15/09/09 11:10:53 INFO ql.Driver: Returning Hive schema: Schema(fieldSchemas:null, properties:null)
15/09/09 11:10:53 INFO log.PerfLogger: </PERFLOG method=compile start=1441815053121 end=1441815053157 duration=36 from=org.apache.hadoop.hive.ql.Driver>
15/09/09 11:10:53 INFO log.PerfLogger: <PERFLOG method=Driver.execute from=org.apache.hadoop.hive.ql.Driver>
15/09/09 11:10:53 INFO ql.Driver: Starting command: CREATE EXTERNAL TABLE foo (s1 string, s2 string)
  ROW FORMAT DELIMITED FIELDS TERMINATED BY ','
  STORED AS TEXTFILE
  LOCATION 'file:///var/folders/y7/4_pz5fzx54ngcmghz3v6t3m00000gn/T/junit839057265253569739/vs//foo/'
15/09/09 11:10:53 INFO log.PerfLogger: </PERFLOG method=TimeToSubmit start=1441815053121 end=1441815053158 duration=37 from=org.apache.hadoop.hive.ql.Driver>
15/09/09 11:10:53 INFO log.PerfLogger: <PERFLOG method=runTasks from=org.apache.hadoop.hive.ql.Driver>
15/09/09 11:10:53 INFO log.PerfLogger: <PERFLOG method=task.DDL.Stage-0 from=org.apache.hadoop.hive.ql.Driver>
15/09/09 11:10:53 INFO metastore.HiveMetaStore: 0: create_table: Table(tableName:foo, dbName:default, owner:hpatel, createTime:1441815053, lastAccessTime:0, retention:0, sd:StorageDescriptor(cols:[FieldSchema(name:s1, type:string, comment:null), FieldSchema(name:s2, type:string, comment:null)], location:file:/var/folders/y7/4_pz5fzx54ngcmghz3v6t3m00000gn/T/junit839057265253569739/vs/foo, inputFormat:org.apache.hadoop.mapred.TextInputFormat, outputFormat:org.apache.hadoop.hive.ql.io.HiveIgnoreKeyTextOutputFormat, compressed:false, numBuckets:-1, serdeInfo:SerDeInfo(name:null, serializationLib:org.apache.hadoop.hive.serde2.lazy.LazySimpleSerDe, parameters:{serialization.format=,, field.delim=,}), bucketCols:[], sortCols:[], parameters:{}, skewedInfo:SkewedInfo(skewedColNames:[], skewedColValues:[], skewedColValueLocationMaps:{}), storedAsSubDirectories:false), partitionKeys:[], parameters:{EXTERNAL=TRUE}, viewOriginalText:null, viewExpandedText:null, tableType:EXTERNAL_TABLE)
15/09/09 11:10:53 INFO HiveMetaStore.audit: ugi=hpatel	ip=unknown-ip-addr	cmd=create_table: Table(tableName:foo, dbName:default, owner:hpatel, createTime:1441815053, lastAccessTime:0, retention:0, sd:StorageDescriptor(cols:[FieldSchema(name:s1, type:string, comment:null), FieldSchema(name:s2, type:string, comment:null)], location:file:/var/folders/y7/4_pz5fzx54ngcmghz3v6t3m00000gn/T/junit839057265253569739/vs/foo, inputFormat:org.apache.hadoop.mapred.TextInputFormat, outputFormat:org.apache.hadoop.hive.ql.io.HiveIgnoreKeyTextOutputFormat, compressed:false, numBuckets:-1, serdeInfo:SerDeInfo(name:null, serializationLib:org.apache.hadoop.hive.serde2.lazy.LazySimpleSerDe, parameters:{serialization.format=,, field.delim=,}), bucketCols:[], sortCols:[], parameters:{}, skewedInfo:SkewedInfo(skewedColNames:[], skewedColValues:[], skewedColValueLocationMaps:{}), storedAsSubDirectories:false), partitionKeys:[], parameters:{EXTERNAL=TRUE}, viewOriginalText:null, viewExpandedText:null, tableType:EXTERNAL_TABLE)	
15/09/09 11:10:53 INFO log.PerfLogger: </PERFLOG method=runTasks start=1441815053158 end=1441815053245 duration=87 from=org.apache.hadoop.hive.ql.Driver>
15/09/09 11:10:53 INFO log.PerfLogger: </PERFLOG method=Driver.execute start=1441815053157 end=1441815053246 duration=89 from=org.apache.hadoop.hive.ql.Driver>
OK
15/09/09 11:10:53 INFO ql.Driver: OK
15/09/09 11:10:53 INFO log.PerfLogger: <PERFLOG method=releaseLocks from=org.apache.hadoop.hive.ql.Driver>
15/09/09 11:10:53 INFO log.PerfLogger: </PERFLOG method=releaseLocks start=1441815053246 end=1441815053246 duration=0 from=org.apache.hadoop.hive.ql.Driver>
15/09/09 11:10:53 INFO log.PerfLogger: </PERFLOG method=Driver.run start=1441815053121 end=1441815053246 duration=125 from=org.apache.hadoop.hive.ql.Driver>
15/09/09 11:10:53 INFO service.HiveServer: Running the query: 


CREATE TABLE foo_prim as select * from foo
15/09/09 11:10:53 INFO log.PerfLogger: <PERFLOG method=Driver.run from=org.apache.hadoop.hive.ql.Driver>
15/09/09 11:10:53 INFO log.PerfLogger: <PERFLOG method=TimeToSubmit from=org.apache.hadoop.hive.ql.Driver>
15/09/09 11:10:53 INFO ql.Driver: Concurrency mode is disabled, not creating a lock manager
15/09/09 11:10:53 INFO log.PerfLogger: <PERFLOG method=compile from=org.apache.hadoop.hive.ql.Driver>
15/09/09 11:10:53 INFO log.PerfLogger: <PERFLOG method=parse from=org.apache.hadoop.hive.ql.Driver>
15/09/09 11:10:53 INFO parse.ParseDriver: Parsing command: 


CREATE TABLE foo_prim as select * from foo
15/09/09 11:10:53 INFO parse.ParseDriver: Parse Completed
15/09/09 11:10:53 INFO log.PerfLogger: </PERFLOG method=parse start=1441815053247 end=1441815053250 duration=3 from=org.apache.hadoop.hive.ql.Driver>
15/09/09 11:10:53 INFO log.PerfLogger: <PERFLOG method=semanticAnalyze from=org.apache.hadoop.hive.ql.Driver>
15/09/09 11:10:53 INFO parse.SemanticAnalyzer: Starting Semantic Analysis
15/09/09 11:10:53 INFO parse.SemanticAnalyzer: Creating table foo_prim position=13
15/09/09 11:10:53 INFO metastore.HiveMetaStore: 0: get_database: default
15/09/09 11:10:53 INFO HiveMetaStore.audit: ugi=hpatel	ip=unknown-ip-addr	cmd=get_database: default	
15/09/09 11:10:53 INFO metastore.HiveMetaStore: 0: get_table : db=default tbl=foo_prim
15/09/09 11:10:53 INFO HiveMetaStore.audit: ugi=hpatel	ip=unknown-ip-addr	cmd=get_table : db=default tbl=foo_prim	
15/09/09 11:10:53 INFO parse.SemanticAnalyzer: Completed phase 1 of Semantic Analysis
15/09/09 11:10:53 INFO parse.SemanticAnalyzer: Get metadata for source tables
15/09/09 11:10:53 INFO metastore.HiveMetaStore: 0: get_table : db=default tbl=foo
15/09/09 11:10:53 INFO HiveMetaStore.audit: ugi=hpatel	ip=unknown-ip-addr	cmd=get_table : db=default tbl=foo	
15/09/09 11:10:53 INFO parse.SemanticAnalyzer: Get metadata for subqueries
15/09/09 11:10:53 INFO parse.SemanticAnalyzer: Get metadata for destination tables
15/09/09 11:10:53 INFO metastore.HiveMetaStore: 0: get_database: default
15/09/09 11:10:53 INFO HiveMetaStore.audit: ugi=hpatel	ip=unknown-ip-addr	cmd=get_database: default	
15/09/09 11:10:53 INFO common.FileUtils: Creating directory if it doesn't exist: file:/var/folders/y7/4_pz5fzx54ngcmghz3v6t3m00000gn/T/junit839057265253569739/warehouse/.hive-staging_hive_2015-09-09_11-10-53_246_727563831350335262-1
15/09/09 11:10:53 INFO parse.SemanticAnalyzer: Completed getting MetaData in Semantic Analysis
15/09/09 11:10:53 INFO parse.SemanticAnalyzer: Set stats collection dir : file:/var/folders/y7/4_pz5fzx54ngcmghz3v6t3m00000gn/T/junit839057265253569739/warehouse/.hive-staging_hive_2015-09-09_11-10-53_246_727563831350335262-1/-ext-10002
15/09/09 11:10:53 INFO ppd.OpProcFactory: Processing for FS(3)
15/09/09 11:10:53 INFO ppd.OpProcFactory: Processing for SEL(2)
15/09/09 11:10:53 INFO ppd.OpProcFactory: Processing for TS(1)
15/09/09 11:10:53 INFO metastore.HiveMetaStore: 0: get_database: default
15/09/09 11:10:53 INFO HiveMetaStore.audit: ugi=hpatel	ip=unknown-ip-addr	cmd=get_database: default	
15/09/09 11:10:53 INFO metastore.HiveMetaStore: 0: get_database: default
15/09/09 11:10:53 INFO HiveMetaStore.audit: ugi=hpatel	ip=unknown-ip-addr	cmd=get_database: default	
15/09/09 11:10:53 INFO log.PerfLogger: <PERFLOG method=partition-retrieving from=org.apache.hadoop.hive.ql.optimizer.ppr.PartitionPruner>
15/09/09 11:10:53 INFO log.PerfLogger: </PERFLOG method=partition-retrieving start=1441815053446 end=1441815053446 duration=0 from=org.apache.hadoop.hive.ql.optimizer.ppr.PartitionPruner>
15/09/09 11:10:53 INFO optimizer.GenMRFileSink1: using CombineHiveInputformat for the merge job
15/09/09 11:10:53 INFO parse.SemanticAnalyzer: Completed plan generation
15/09/09 11:10:53 INFO ql.Driver: Semantic Analysis Completed
15/09/09 11:10:53 INFO log.PerfLogger: </PERFLOG method=semanticAnalyze start=1441815053251 end=1441815053453 duration=202 from=org.apache.hadoop.hive.ql.Driver>
15/09/09 11:10:53 INFO ql.Driver: Returning Hive schema: Schema(fieldSchemas:[FieldSchema(name:foo.s1, type:string, comment:null), FieldSchema(name:foo.s2, type:string, comment:null)], properties:null)
15/09/09 11:10:53 INFO log.PerfLogger: </PERFLOG method=compile start=1441815053246 end=1441815053453 duration=207 from=org.apache.hadoop.hive.ql.Driver>
15/09/09 11:10:53 INFO log.PerfLogger: <PERFLOG method=Driver.execute from=org.apache.hadoop.hive.ql.Driver>
15/09/09 11:10:53 INFO ql.Driver: Starting command: 


CREATE TABLE foo_prim as select * from foo
Total jobs = 3
15/09/09 11:10:53 INFO ql.Driver: Total jobs = 3
15/09/09 11:10:53 INFO log.PerfLogger: </PERFLOG method=TimeToSubmit start=1441815053246 end=1441815053454 duration=208 from=org.apache.hadoop.hive.ql.Driver>
15/09/09 11:10:53 INFO log.PerfLogger: <PERFLOG method=runTasks from=org.apache.hadoop.hive.ql.Driver>
15/09/09 11:10:53 INFO log.PerfLogger: <PERFLOG method=task.MAPRED.Stage-1 from=org.apache.hadoop.hive.ql.Driver>
Launching Job 1 out of 3
15/09/09 11:10:53 INFO ql.Driver: Launching Job 1 out of 3
Number of reduce tasks is set to 0 since there's no reduce operator
15/09/09 11:10:53 INFO exec.Task: Number of reduce tasks is set to 0 since there's no reduce operator
15/09/09 11:10:53 INFO ql.Context: New scratch dir is file:/var/folders/y7/4_pz5fzx54ngcmghz3v6t3m00000gn/T/junit839057265253569739/scratchdir/hive_2015-09-09_11-10-53_246_727563831350335262-1
15/09/09 11:10:53 INFO mr.ExecDriver: Using org.apache.hadoop.hive.ql.io.CombineHiveInputFormat
15/09/09 11:10:53 INFO exec.Utilities: Processing alias foo
15/09/09 11:10:53 INFO exec.Utilities: Adding input file file:/var/folders/y7/4_pz5fzx54ngcmghz3v6t3m00000gn/T/junit839057265253569739/vs/foo
15/09/09 11:10:53 INFO exec.Utilities: Content Summary not cached for file:/var/folders/y7/4_pz5fzx54ngcmghz3v6t3m00000gn/T/junit839057265253569739/vs/foo
15/09/09 11:10:53 INFO ql.Context: New scratch dir is file:/var/folders/y7/4_pz5fzx54ngcmghz3v6t3m00000gn/T/junit839057265253569739/scratchdir/hive_2015-09-09_11-10-53_246_727563831350335262-1
15/09/09 11:10:53 INFO log.PerfLogger: <PERFLOG method=serializePlan from=org.apache.hadoop.hive.ql.exec.Utilities>
15/09/09 11:10:53 INFO exec.Utilities: Serializing MapWork via kryo
15/09/09 11:10:53 INFO log.PerfLogger: </PERFLOG method=serializePlan start=1441815053477 end=1441815053531 duration=54 from=org.apache.hadoop.hive.ql.exec.Utilities>
15/09/09 11:10:53 INFO exec.Utilities: Setting plan: /var/folders/y7/4_pz5fzx54ngcmghz3v6t3m00000gn/T/junit839057265253569739/scratchdir/hive_2015-09-09_11-10-53_246_727563831350335262-1/-mr-10005/85cb8e91-1718-4e65-a337-4d93fd2a876c/map.xml
15/09/09 11:10:53 INFO Configuration.deprecation: session.id is deprecated. Instead, use dfs.metrics.session-id
15/09/09 11:10:53 INFO jvm.JvmMetrics: Initializing JVM Metrics with processName=JobTracker, sessionId=
15/09/09 11:10:53 WARN mapred.JobClient: Use GenericOptionsParser for parsing the arguments. Applications should implement Tool for the same.
15/09/09 11:10:53 INFO exec.Utilities: Could not find plan string in conf
15/09/09 11:10:53 INFO log.PerfLogger: <PERFLOG method=getSplits from=org.apache.hadoop.hive.ql.io.CombineHiveInputFormat>
15/09/09 11:10:53 INFO io.CombineHiveInputFormat: CombineHiveInputSplit creating pool for file:/var/folders/y7/4_pz5fzx54ngcmghz3v6t3m00000gn/T/junit839057265253569739/vs/foo; using filter path file:/var/folders/y7/4_pz5fzx54ngcmghz3v6t3m00000gn/T/junit839057265253569739/vs/foo
15/09/09 11:10:53 INFO mapred.FileInputFormat: Total input paths to process : 1
15/09/09 11:10:53 INFO io.CombineHiveInputFormat: number of splits 1
15/09/09 11:10:53 INFO log.PerfLogger: </PERFLOG method=getSplits start=1441815053661 end=1441815053679 duration=18 from=org.apache.hadoop.hive.ql.io.CombineHiveInputFormat>
15/09/09 11:10:53 INFO mapred.LocalJobRunner: OutputCommitter set in config org.apache.hadoop.hive.shims.HadoopShimsSecure$NullOutputCommitter
15/09/09 11:10:53 INFO mapred.LocalJobRunner: OutputCommitter is org.apache.hadoop.hive.shims.HadoopShimsSecure$NullOutputCommitter
Starting Job = job_local1845248677_0001, Tracking URL = http://localhost:8080/
15/09/09 11:10:53 INFO exec.Task: Starting Job = job_local1845248677_0001, Tracking URL = http://localhost:8080/
Kill Command = NO_BIN! job  -kill job_local1845248677_0001
15/09/09 11:10:53 INFO exec.Task: Kill Command = NO_BIN! job  -kill job_local1845248677_0001
Hadoop job information for Stage-1: number of mappers: 0; number of reducers: 0
15/09/09 11:10:53 INFO exec.Task: Hadoop job information for Stage-1: number of mappers: 0; number of reducers: 0
15/09/09 11:10:53 INFO mapred.LocalJobRunner: Waiting for map tasks
15/09/09 11:10:53 INFO mapred.LocalJobRunner: Starting task: attempt_local1845248677_0001_m_000000_0
15/09/09 11:10:53 WARN mapreduce.Counters: Group org.apache.hadoop.mapred.Task$Counter is deprecated. Use org.apache.hadoop.mapreduce.TaskCounter instead
2015-09-09 11:10:53,810 Stage-1 map = 0%,  reduce = 0%
15/09/09 11:10:53 INFO exec.Task: 2015-09-09 11:10:53,810 Stage-1 map = 0%,  reduce = 0%
15/09/09 11:10:53 WARN mapreduce.Counters: Group org.apache.hadoop.mapred.Task$Counter is deprecated. Use org.apache.hadoop.mapreduce.TaskCounter instead
15/09/09 11:10:53 INFO mapred.Task:  Using ResourceCalculatorPlugin : null
15/09/09 11:10:53 INFO mapred.MapTask: Processing split: Paths:/var/folders/y7/4_pz5fzx54ngcmghz3v6t3m00000gn/T/junit839057265253569739/vs/foo/data.csv:0+11InputFormatClass: org.apache.hadoop.mapred.TextInputFormat

15/09/09 11:10:53 INFO io.HiveContextAwareRecordReader: Processing file file:/var/folders/y7/4_pz5fzx54ngcmghz3v6t3m00000gn/T/junit839057265253569739/vs/foo/data.csv
15/09/09 11:10:53 WARN mapreduce.Counters: Counter name MAP_INPUT_BYTES is deprecated. Use FileInputFormatCounters as group name and  BYTES_READ as counter name instead
15/09/09 11:10:53 INFO mapred.MapTask: numReduceTasks: 0
15/09/09 11:10:53 INFO mr.ExecMapper: maximum memory = 3817865216
15/09/09 11:10:53 INFO mr.ExecMapper: conf classpath = [file:/Users/hpatel/.gradle/caches/2.4/workerMain/gradle-worker.jar, file:/Users/hpatel/Tech/Projects/CAT/HiveRunner/build/classes/test/, file:/Users/hpatel/Tech/Projects/CAT/HiveRunner/build/resources/test/, file:/Users/hpatel/Tech/Projects/CAT/HiveRunner/build/classes/main/, file:/Users/hpatel/Tech/Projects/CAT/HiveRunner/build/resources/main/, file:/Users/hpatel/.gradle/caches/modules-2/files-2.1/org.apache.hadoop/hadoop-core/2.5.0-mr1-cdh5.3.3/f6f4a77f818757da51ae0244310855779c04c4be/hadoop-core-2.5.0-mr1-cdh5.3.3.jar, file:/Users/hpatel/.gradle/caches/modules-2/files-2.1/org.apache.hadoop/hadoop-common/2.5.0-cdh5.3.3/f0862eb1dc33c1807ea29a248af75551e3c6836a/hadoop-common-2.5.0-cdh5.3.3.jar, file:/Users/hpatel/.gradle/caches/modules-2/files-2.1/org.apache.hadoop/hadoop-client/2.5.0-cdh5.3.3/ec3cd6a8cb043e73a42918934c5d3a3f2747c78b/hadoop-client-2.5.0-cdh5.3.3.jar, file:/Users/hpatel/.gradle/caches/modules-2/files-2.1/org.apache.hive/hive-shims/0.13.1-cdh5.3.3/47b029532c0b9d45526dcdd858823e6f9634ab81/hive-shims-0.13.1-cdh5.3.3.jar, file:/Users/hpatel/.gradle/caches/modules-2/files-2.1/org.apache.hive/hive-serde/0.13.1-cdh5.3.3/9cee47c844d726e9bcef6ab292e1319b7fbddaa3/hive-serde-0.13.1-cdh5.3.3.jar, file:/Users/hpatel/.gradle/caches/modules-2/files-2.1/org.apache.hive/hive-contrib/0.13.1-cdh5.3.3/bf89b429c9b173ac275dc0c1623f5c30e780ee98/hive-contrib-0.13.1-cdh5.3.3.jar, file:/Users/hpatel/.gradle/caches/modules-2/files-2.1/org.datanucleus/datanucleus-api-jdo/3.2.8/efc60221fbc91e95cf5758b98c6c5531660696cb/datanucleus-api-jdo-3.2.8.jar, file:/Users/hpatel/.gradle/caches/modules-2/files-2.1/org.datanucleus/datanucleus-core/3.2.12/3212183bb5a2826cd5ff194b9a54619dd0bdf31f/datanucleus-core-3.2.12.jar, file:/Users/hpatel/.gradle/caches/modules-2/files-2.1/org.datanucleus/datanucleus-rdbms/3.2.11/5b053144c89fdff1505b853aa7f1e5ba7657da75/datanucleus-rdbms-3.2.11.jar, file:/Users/hpatel/.gradle/caches/modules-2/files-2.1/org.hsqldb/hsqldb/2.3.1/bd7153caa30958e1c64a3dd38b93e5a7442d9a0e/hsqldb-2.3.1.jar, file:/Users/hpatel/.gradle/caches/modules-2/files-2.1/org.reflections/reflections/0.9.8/f723abb59bf512952bfc503838f70f81487a6993/reflections-0.9.8.jar, file:/Users/hpatel/.gradle/caches/modules-2/files-2.1/org.pentaho/pentaho-aggdesigner-algorithm/5.1.5-jhyde/c52379c645c6c85300e645dff7c72653bf85baa2/pentaho-aggdesigner-algorithm-5.1.5-jhyde.jar, file:/Users/hpatel/.gradle/caches/modules-2/files-2.1/org.apache.hive/hive-service/0.13.1-cdh5.3.3/c7979b4213bfb62823d43ba726e0fea58032dd1e/hive-service-0.13.1-cdh5.3.3.jar, file:/Users/hpatel/.gradle/caches/modules-2/files-2.1/junit/junit/4.11/4e031bb61df09069aeb2bffb4019e7a5034a4ee0/junit-4.11.jar, file:/Users/hpatel/.gradle/caches/modules-2/files-2.1/org.mockito/mockito-core/1.10.19/e8546f5bef4e061d8dd73895b4e8f40e3fe6effe/mockito-core-1.10.19.jar, file:/Users/hpatel/.gradle/caches/modules-2/files-2.1/org.hamcrest/hamcrest-all/1.3/63a21ebc981131004ad02e0434e799fd7f3a8d5a/hamcrest-all-1.3.jar, file:/Users/hpatel/.gradle/caches/modules-2/files-2.1/commons-cli/commons-cli/1.2/2bf96b7aa8b611c177d329452af1dc933e14501c/commons-cli-1.2.jar, file:/Users/hpatel/.gradle/caches/modules-2/files-2.1/xmlenc/xmlenc/0.52/d82554efbe65906d83b3d97bd7509289e9db561a/xmlenc-0.52.jar, file:/Users/hpatel/.gradle/caches/modules-2/files-2.1/commons-httpclient/commons-httpclient/3.1/964cd74171f427720480efdec40a7c7f6e58426a/commons-httpclient-3.1.jar, file:/Users/hpatel/.gradle/caches/modules-2/files-2.1/commons-net/commons-net/3.1/2298164a7c2484406f2aa5ac85b205d39019896f/commons-net-3.1.jar, file:/Users/hpatel/.gradle/caches/modules-2/files-2.1/tomcat/jasper-runtime/5.5.23/96ca5528a93ab47b001476b74320c644beb89dde/jasper-runtime-5.5.23.jar, file:/Users/hpatel/.gradle/caches/modules-2/files-2.1/tomcat/jasper-compiler/5.5.23/6d35bd7fb8c4fbc1f5401fb3678aa976d2e4c241/jasper-compiler-5.5.23.jar, file:/Users/hpatel/.gradle/caches/modules-2/files-2.1/javax.servlet.jsp/jsp-api/2.1/63f943103f250ef1f3a4d5e94d145a0f961f5316/jsp-api-2.1.jar, file:/Users/hpatel/.gradle/caches/modules-2/files-2.1/commons-el/commons-el/1.0/1df2c042b3f2de0124750241ac6c886dbfa2cc2c/commons-el-1.0.jar, file:/Users/hpatel/.gradle/caches/modules-2/files-2.1/javax.servlet/servlet-api/2.5/5959582d97d8b61f4d154ca9e495aafd16726e34/servlet-api-2.5.jar, file:/Users/hpatel/.gradle/caches/modules-2/files-2.1/hsqldb/hsqldb/1.8.0.10/7e9978fdb754bce5fcd5161133e7734ecb683036/hsqldb-1.8.0.10.jar, file:/Users/hpatel/.gradle/caches/modules-2/files-2.1/org.eclipse.jdt/core/3.1.1/88c83ce444cf46d02494da37c9fa1eebc9ce9cea/core-3.1.1.jar, file:/Users/hpatel/.gradle/caches/modules-2/files-2.1/org.apache.hadoop/hadoop-annotations/2.5.0-cdh5.3.3/e3b40743127d82ff7a6f263d00419368a46ce608/hadoop-annotations-2.5.0-cdh5.3.3.jar, file:/Users/hpatel/.gradle/caches/modules-2/files-2.1/org.apache.commons/commons-math3/3.1.1/6719d757a98ff24a83d9d727bef9cec83f59b6e1/commons-math3-3.1.1.jar, file:/Users/hpatel/.gradle/caches/modules-2/files-2.1/commons-io/commons-io/2.4/b1b6ea3b7e4aa4f492509a4952029cd8e48019ad/commons-io-2.4.jar, file:/Users/hpatel/.gradle/caches/modules-2/files-2.1/commons-collections/commons-collections/3.2.1/761ea405b9b37ced573d2df0d1e3a4e0f9edc668/commons-collections-3.2.1.jar, file:/Users/hpatel/.gradle/caches/modules-2/files-2.1/com.sun.jersey/jersey-json/1.9/1aa73e1896bcc7013fed247157d7f676226eb432/jersey-json-1.9.jar, file:/Users/hpatel/.gradle/caches/modules-2/files-2.1/commons-logging/commons-logging/1.1.3/f6f66e966c70a83ffbdb6f17a0919eaf7c8aca7f/commons-logging-1.1.3.jar, file:/Users/hpatel/.gradle/caches/modules-2/files-2.1/log4j/log4j/1.2.17/5af35056b4d257e4b64b9e8069c0746e8b08629f/log4j-1.2.17.jar, file:/Users/hpatel/.gradle/caches/modules-2/files-2.1/commons-lang/commons-lang/2.6/ce1edb914c94ebc388f086c6827e8bdeec71ac2/commons-lang-2.6.jar, file:/Users/hpatel/.gradle/caches/modules-2/files-2.1/commons-configuration/commons-configuration/1.6/32cadde23955d7681b0d94a2715846d20b425235/commons-configuration-1.6.jar, file:/Users/hpatel/.gradle/caches/modules-2/files-2.1/org.slf4j/slf4j-log4j12/1.7.5/6edffc576ce104ec769d954618764f39f0f0f10d/slf4j-log4j12-1.7.5.jar, file:/Users/hpatel/.gradle/caches/modules-2/files-2.1/org.apache.avro/avro/1.7.6-cdh5.3.3/6d90271293977d199ed07002bf35e2805405cc64/avro-1.7.6-cdh5.3.3.jar, file:/Users/hpatel/.gradle/caches/modules-2/files-2.1/com.google.protobuf/protobuf-java/2.5.0/a10732c76bfacdbd633a7eb0f7968b1059a65dfa/protobuf-java-2.5.0.jar, file:/Users/hpatel/.gradle/caches/modules-2/files-2.1/com.google.code.gson/gson/2.2.4/a60a5e993c98c864010053cb901b7eab25306568/gson-2.2.4.jar, file:/Users/hpatel/.gradle/caches/modules-2/files-2.1/org.apache.hadoop/hadoop-auth/2.5.0-cdh5.3.3/847eb288da72acfdd7d202da5149dec6cd20ceba/hadoop-auth-2.5.0-cdh5.3.3.jar, file:/Users/hpatel/.gradle/caches/modules-2/files-2.1/com.jcraft/jsch/0.1.42/a86104b0f2e0c0bab5b0df836065823a99b5e334/jsch-0.1.42.jar, file:/Users/hpatel/.gradle/caches/modules-2/files-2.1/org.apache.curator/curator-client/2.6.0/b9007c357ad1a78066fc6004e8b1feaa2318f6f3/curator-client-2.6.0.jar, file:/Users/hpatel/.gradle/caches/modules-2/files-2.1/org.apache.curator/curator-recipes/2.6.0/8736b0fc42e6bf006d585fe85c90aaa4ade5cbef/curator-recipes-2.6.0.jar, file:/Users/hpatel/.gradle/caches/modules-2/files-2.1/com.google.code.findbugs/jsr305/1.3.9/40719ea6961c0cb6afaeb6a921eaa1f6afd4cfdf/jsr305-1.3.9.jar, file:/Users/hpatel/.gradle/caches/modules-2/files-2.1/org.apache.commons/commons-compress/1.4.1/b02e84a993d88568417536240e970c4b809126fd/commons-compress-1.4.1.jar, file:/Users/hpatel/.gradle/caches/modules-2/files-2.1/org.apache.hadoop/hadoop-hdfs/2.5.0-cdh5.3.3/5dd5e2be13d89a9eaab89d3a33bcdf6677671aa9/hadoop-hdfs-2.5.0-cdh5.3.3.jar, file:/Users/hpatel/.gradle/caches/modules-2/files-2.1/org.apache.hadoop/hadoop-mapreduce-client-app/2.5.0-cdh5.3.3/579948f8fa6d9d72bf507bd021fa3dcc0670e95f/hadoop-mapreduce-client-app-2.5.0-cdh5.3.3.jar, file:/Users/hpatel/.gradle/caches/modules-2/files-2.1/org.apache.hadoop/hadoop-yarn-api/2.5.0-cdh5.3.3/a6d9b4b7cbcacd000350a3e33c70269101b5fc79/hadoop-yarn-api-2.5.0-cdh5.3.3.jar, file:/Users/hpatel/.gradle/caches/modules-2/files-2.1/org.apache.hadoop/hadoop-mapreduce-client-core/2.5.0-cdh5.3.3/f2c8eaa2b8a5839a7781f04cf59c4d1abfefec9e/hadoop-mapreduce-client-core-2.5.0-cdh5.3.3.jar, file:/Users/hpatel/.gradle/caches/modules-2/files-2.1/org.apache.hadoop/hadoop-mapreduce-client-jobclient/2.5.0-cdh5.3.3/f8baecab9a91245a97e29e4867a7f5ae128ef8a9/hadoop-mapreduce-client-jobclient-2.5.0-cdh5.3.3.jar, file:/Users/hpatel/.gradle/caches/modules-2/files-2.1/org.apache.hadoop/hadoop-aws/2.5.0-cdh5.3.3/f712d9cf59c859914254bed5c87ee4e5a2204e78/hadoop-aws-2.5.0-cdh5.3.3.jar, file:/Users/hpatel/.gradle/caches/modules-2/files-2.1/org.apache.hive.shims/hive-shims-common/0.13.1-cdh5.3.3/3d9e5245018fbde18f52c4ab25fc35afdec2fc0a/hive-shims-common-0.13.1-cdh5.3.3.jar, file:/Users/hpatel/.gradle/caches/modules-2/files-2.1/org.apache.hive.shims/hive-shims-common-secure/0.13.1-cdh5.3.3/6b29a16b2a41b89bdbbc681c257ad7f766a90bcb/hive-shims-common-secure-0.13.1-cdh5.3.3.jar, file:/Users/hpatel/.gradle/caches/modules-2/files-2.1/org.apache.hive.shims/hive-shims-0.23/0.13.1-cdh5.3.3/7ab834955a767af200d1d9151c204751637d9ca9/hive-shims-0.23-0.13.1-cdh5.3.3.jar, file:/Users/hpatel/.gradle/caches/modules-2/files-2.1/org.apache.hive.shims/hive-shims-scheduler/0.13.1-cdh5.3.3/b6644420b74f936a838f7f3fd2fa19c19add0449/hive-shims-scheduler-0.13.1-cdh5.3.3.jar, file:/Users/hpatel/.gradle/caches/modules-2/files-2.1/org.apache.hive/hive-common/0.13.1-cdh5.3.3/e3fbf24d30a553c50ae4d4eed23f81b0e1211c5a/hive-common-0.13.1-cdh5.3.3.jar, file:/Users/hpatel/.gradle/caches/modules-2/files-2.1/net.sf.opencsv/opencsv/2.3/c23708cdb9e80a144db433e23344a788a1fd6599/opencsv-2.3.jar, file:/Users/hpatel/.gradle/caches/modules-2/files-2.1/com.sun.jersey/jersey-servlet/1.14/4b87041a59ee152757b62e47a21d5b63fde20ffe/jersey-servlet-1.14.jar, file:/Users/hpatel/.gradle/caches/modules-2/files-2.1/org.apache.hive/hive-exec/0.13.1-cdh5.3.3/4d935274127f47dd9c0875efcf317ba49aef1219/hive-exec-0.13.1-cdh5.3.3.jar, file:/Users/hpatel/.gradle/caches/modules-2/files-2.1/javassist/javassist/3.12.1.GA/526633327faa61aee448a519e8a4d53ec3057885/javassist-3.12.1.GA.jar, file:/Users/hpatel/.gradle/caches/modules-2/files-2.1/dom4j/dom4j/1.6.1/5d3ccc056b6f056dbf0dddfdf43894b9065a8f94/dom4j-1.6.1.jar, file:/Users/hpatel/.gradle/caches/modules-2/files-2.1/org.apache.hive/hive-metastore/0.13.1-cdh5.3.3/ca93686a17f064a5ab6587799721cddd7836e53a/hive-metastore-0.13.1-cdh5.3.3.jar, file:/Users/hpatel/.gradle/caches/modules-2/files-2.1/net.sf.jpam/jpam/1.1/cb3d91c2dfda767518a371dbb02edfd6a4aa0600/jpam-1.1.jar, file:/Users/hpatel/.gradle/caches/modules-2/files-2.1/org.eclipse.jetty.aggregate/jetty-all/7.6.0.v20120127/47bb68e3837e5c6422138dd1e0d4d75c60dce87a/jetty-all-7.6.0.v20120127.jar, file:/Users/hpatel/.gradle/caches/modules-2/files-2.1/org.apache.thrift/libfb303/0.9.0/639bd69767fdbd7f658ce8233248fe1cea635164/libfb303-0.9.0.jar, file:/Users/hpatel/.gradle/caches/modules-2/files-2.1/org.hamcrest/hamcrest-core/1.3/42a25dc3219429f0e5d060061f71acb49bf010a0/hamcrest-core-1.3.jar, file:/Users/hpatel/.gradle/caches/modules-2/files-2.1/org.objenesis/objenesis/2.1/87c0ea803b69252868d09308b4618f766f135a96/objenesis-2.1.jar, file:/Users/hpatel/.gradle/caches/modules-2/files-2.1/jline/jline/0.9.94/99a18e9a44834afdebc467294e1138364c207402/jline-0.9.94.jar, file:/Users/hpatel/.gradle/caches/modules-2/files-2.1/org.codehaus.jettison/jettison/1.1/1a01a2a1218fcf9faa2cc2a6ced025bdea687262/jettison-1.1.jar, file:/Users/hpatel/.gradle/caches/modules-2/files-2.1/com.sun.xml.bind/jaxb-impl/2.2.3-1/56baae106392040a45a06d4a41099173425da1e6/jaxb-impl-2.2.3-1.jar, file:/Users/hpatel/.gradle/caches/modules-2/files-2.1/asm/asm/3.1/c157def142714c544bdea2e6144645702adf7097/asm-3.1.jar, file:/Users/hpatel/.gradle/caches/modules-2/files-2.1/commons-digester/commons-digester/1.8/dc6a73fdbd1fa3f0944e8497c6c872fa21dca37e/commons-digester-1.8.jar, file:/Users/hpatel/.gradle/caches/modules-2/files-2.1/commons-beanutils/commons-beanutils-core/1.8.0/175dc721f87e4bc5cc0573f990e28c3cf9117508/commons-beanutils-core-1.8.0.jar, file:/Users/hpatel/.gradle/caches/modules-2/files-2.1/com.thoughtworks.paranamer/paranamer/2.3/4a85963a752c0a2f715c3924bfc686865e7e1bc6/paranamer-2.3.jar, file:/Users/hpatel/.gradle/caches/modules-2/files-2.1/org.xerial.snappy/snappy-java/1.0.5/10cb4550360a0ec6b80f09a5209d00b6058e82bf/snappy-java-1.0.5.jar, file:/Users/hpatel/.gradle/caches/modules-2/files-2.1/org.apache.httpcomponents/httpclient/4.2.5/666e26e76f2e87d84e4f16acb546481ae1b8e9a6/httpclient-4.2.5.jar, file:/Users/hpatel/.gradle/caches/modules-2/files-2.1/org.apache.directory.server/apacheds-kerberos-codec/2.0.0-M15/1c16e4e477183641c5f0dd5cdecd27ec331bacb5/apacheds-kerberos-codec-2.0.0-M15.jar, file:/Users/hpatel/.gradle/caches/modules-2/files-2.1/org.apache.curator/curator-framework/2.6.0/81a699c39d127b5b4ff97cc77da7650b53e5b5ed/curator-framework-2.6.0.jar, file:/Users/hpatel/.gradle/caches/modules-2/files-2.1/org.tukaani/xz/1.0/ecff5cb8b1189514c9d1d8d68eb77ac372e000c9/xz-1.0.jar, file:/Users/hpatel/.gradle/caches/modules-2/files-2.1/org.apache.hadoop/hadoop-mapreduce-client-common/2.5.0-cdh5.3.3/f0d777bb76ca9f540c0c81a45934f0f5cf9975b8/hadoop-mapreduce-client-common-2.5.0-cdh5.3.3.jar, file:/Users/hpatel/.gradle/caches/modules-2/files-2.1/org.apache.hadoop/hadoop-mapreduce-client-shuffle/2.5.0-cdh5.3.3/b6c4316f6fcc406edf7e5bd77c50e46034ad5519/hadoop-mapreduce-client-shuffle-2.5.0-cdh5.3.3.jar, file:/Users/hpatel/.gradle/caches/modules-2/files-2.1/org.apache.hadoop/hadoop-yarn-common/2.5.0-cdh5.3.3/9499713b674eae1aa714fcd0e95e0d09daaf3824/hadoop-yarn-common-2.5.0-cdh5.3.3.jar, file:/Users/hpatel/.gradle/caches/modules-2/files-2.1/com.fasterxml.jackson.core/jackson-databind/2.2.3/3ae380888029daefb91d3ecdca3a37d8cb92bc9/jackson-databind-2.2.3.jar, file:/Users/hpatel/.gradle/caches/modules-2/files-2.1/com.fasterxml.jackson.core/jackson-annotations/2.2.3/527fece4f23a457070a36c371a26d6c0208e1c3/jackson-annotations-2.2.3.jar, file:/Users/hpatel/.gradle/caches/modules-2/files-2.1/com.amazonaws/aws-java-sdk/1.7.4/2c24ccb6f1ab845a7df971951d4b41c709a6517d/aws-java-sdk-1.7.4.jar, file:/Users/hpatel/.gradle/caches/modules-2/files-2.1/org.apache.hive/hive-ant/0.13.1-cdh5.3.3/86954e92a903253177cd6935798c50a6c32b7b81/hive-ant-0.13.1-cdh5.3.3.jar, file:/Users/hpatel/.gradle/caches/modules-2/files-2.1/org.apache.commons/commons-lang3/3.1/905075e6c80f206bbe6cf1e809d2caa69f420c76/commons-lang3-3.1.jar, file:/Users/hpatel/.gradle/caches/modules-2/files-2.1/org.antlr/antlr-runtime/3.4/8f011408269a8e42b8548687e137d8eeb56df4b4/antlr-runtime-3.4.jar, file:/Users/hpatel/.gradle/caches/modules-2/files-2.1/org.antlr/ST4/4.0.4/467a2aa12be6d0f0f68c70eecf6714ab733027ac/ST4-4.0.4.jar, file:/Users/hpatel/.gradle/caches/modules-2/files-2.1/org.apache.ant/ant/1.9.1/35900c96dbebc85dcfbd71f4661059ebcf93c077/ant-1.9.1.jar, file:/Users/hpatel/.gradle/caches/modules-2/files-2.1/org.codehaus.groovy/groovy-all/2.1.6/165b8246372a829c1915611646f6d964010656cf/groovy-all-2.1.6.jar, file:/Users/hpatel/.gradle/caches/modules-2/files-2.1/stax/stax-api/1.0.1/49c100caf72d658aca8e58bd74a4ba90fa2b0d70/stax-api-1.0.1.jar, file:/Users/hpatel/.gradle/caches/modules-2/files-2.1/xml-apis/xml-apis/1.0.b2/3136ca936f64c9d68529f048c2618bd356bf85c9/xml-apis-1.0.b2.jar, file:/Users/hpatel/.gradle/caches/modules-2/files-2.1/com.jolbox/bonecp/0.8.0.RELEASE/cec24ee9345b3678472bb1b8fdd6aa6b9428beb8/bonecp-0.8.0.RELEASE.jar, file:/Users/hpatel/.gradle/caches/modules-2/files-2.1/org.apache.derby/derby/10.10.1.1/9f6f910f0373adc1b23c10f9b4bb151b7e7449f/derby-10.10.1.1.jar, file:/Users/hpatel/.gradle/caches/modules-2/files-2.1/javax.jdo/jdo-api/3.0.1/58e7a538e020b73871e232eeb064835fd98a492/jdo-api-3.0.1.jar, file:/Users/hpatel/.gradle/caches/modules-2/files-2.1/org.apache.geronimo.specs/geronimo-jta_1.1_spec/1.1.1/aabab3165b8ea936b9360abbf448459c0d04a5a4/geronimo-jta_1.1_spec-1.1.1.jar, file:/Users/hpatel/.gradle/caches/modules-2/files-2.1/javax.mail/mail/1.4.1/8b7bc69010655425dabf091b51d1e90b4de36715/mail-1.4.1.jar, file:/Users/hpatel/.gradle/caches/modules-2/files-2.1/javax.activation/activation/1.1/e6cb541461c2834bdea3eb920f1884d1eb508b50/activation-1.1.jar, file:/Users/hpatel/.gradle/caches/modules-2/files-2.1/org.apache.geronimo.specs/geronimo-jaspic_1.0_spec/1.0/44b95be7dae1147716dce5336419eafade880756/geronimo-jaspic_1.0_spec-1.0.jar, file:/Users/hpatel/.gradle/caches/modules-2/files-2.1/org.apache.geronimo.specs/geronimo-annotation_1.0_spec/1.1.1/47caa799389f69d297b86bf90523d431599c3796/geronimo-annotation_1.0_spec-1.1.1.jar, file:/Users/hpatel/.gradle/caches/modules-2/files-2.1/asm/asm-commons/3.1/1b607fbfe7889c6fdff1b7c16439ade0a60869ac/asm-commons-3.1.jar, file:/Users/hpatel/.gradle/caches/modules-2/files-2.1/javax.xml.bind/jaxb-api/2.2.2/aeb3021ca93dde265796d82015beecdcff95bf09/jaxb-api-2.2.2.jar, file:/Users/hpatel/.gradle/caches/modules-2/files-2.1/commons-beanutils/commons-beanutils/1.7.0/5675fd96b29656504b86029551973d60fb41339b/commons-beanutils-1.7.0.jar, file:/Users/hpatel/.gradle/caches/modules-2/files-2.1/org.apache.directory.server/apacheds-i18n/2.0.0-M15/71c61c84683152ec2a6a65f3f96fe534e304fa22/apacheds-i18n-2.0.0-M15.jar, file:/Users/hpatel/.gradle/caches/modules-2/files-2.1/org.apache.directory.api/api-asn1-api/1.0.0-M20/5e6486ffa3125ba44dc410ead166e1d6ba8ac76d/api-asn1-api-1.0.0-M20.jar, file:/Users/hpatel/.gradle/caches/modules-2/files-2.1/org.apache.directory.api/api-util/1.0.0-M20/a871abf060b3cf83fc6dc4d7e3d151fce50ac3cb/api-util-1.0.0-M20.jar, file:/Users/hpatel/.gradle/caches/modules-2/files-2.1/org.apache.hadoop/hadoop-yarn-client/2.5.0-cdh5.3.3/2d2ce5d0138d02b20aefcfc1ee8dd6f691911f63/hadoop-yarn-client-2.5.0-cdh5.3.3.jar, file:/Users/hpatel/.gradle/caches/modules-2/files-2.1/org.apache.hadoop/hadoop-yarn-server-common/2.5.0-cdh5.3.3/d099fcc19f56d477fa6b5b47ae4e06bb97538778/hadoop-yarn-server-common-2.5.0-cdh5.3.3.jar, file:/Users/hpatel/.gradle/caches/modules-2/files-2.1/org.apache.hadoop/hadoop-yarn-server-nodemanager/2.5.0-cdh5.3.3/278b2d7a6454ce57a94ab02a88c0b188afc8facc/hadoop-yarn-server-nodemanager-2.5.0-cdh5.3.3.jar, file:/Users/hpatel/.gradle/caches/modules-2/files-2.1/org.fusesource.leveldbjni/leveldbjni-all/1.8/707350a2eeb1fa2ed77a32ddb3893ed308e941db/leveldbjni-all-1.8.jar, file:/Users/hpatel/.gradle/caches/modules-2/files-2.1/com.google.inject/guice/3.0/9d84f15fe35e2c716a02979fb62f50a29f38aefa/guice-3.0.jar, file:/Users/hpatel/.gradle/caches/modules-2/files-2.1/com.sun.jersey.contribs/jersey-guice/1.9/5963c28c47df7e5d6ad34cec80c071c368777f7b/jersey-guice-1.9.jar, file:/Users/hpatel/.gradle/caches/modules-2/files-2.1/com.fasterxml.jackson.core/jackson-core/2.2.3/1a0113da2cab5f4c216b4e5e7c1dbfaa67087e14/jackson-core-2.2.3.jar, file:/Users/hpatel/.gradle/caches/modules-2/files-2.1/org.apache.velocity/velocity/1.5/9f306baf7523ffc0e81a6353d08a584d254133b/velocity-1.5.jar, file:/Users/hpatel/.gradle/caches/modules-2/files-2.1/org.antlr/stringtemplate/3.2.1/59ec8083721eae215c6f3caee944c410d2be34de/stringtemplate-3.2.1.jar, file:/Users/hpatel/.gradle/caches/modules-2/files-2.1/antlr/antlr/2.7.7/83cd2cd674a217ade95a4bb83a8a14f351f48bd0/antlr-2.7.7.jar, file:/Users/hpatel/.gradle/caches/modules-2/files-2.1/org.apache.ant/ant-launcher/1.9.1/7c71043ca185eaada9e36391dd022d92859327de/ant-launcher-1.9.1.jar, file:/Users/hpatel/.gradle/caches/modules-2/files-2.1/javax.transaction/jta/1.1/2ca09f0b36ca7d71b762e14ea2ff09d5eac57558/jta-1.1.jar, file:/Users/hpatel/.gradle/caches/modules-2/files-2.1/asm/asm-tree/3.1/c9a5d4334ddf194ea492f22107d45119a5c5322f/asm-tree-3.1.jar, file:/Users/hpatel/.gradle/caches/modules-2/files-2.1/javax.xml.stream/stax-api/1.0-2/d6337b0de8b25e53e81b922352fbea9f9f57ba0b/stax-api-1.0-2.jar, file:/Users/hpatel/.gradle/caches/modules-2/files-2.1/com.sun.jersey/jersey-client/1.9/d3c4b2b5f89db32c96ceddcb863684821910a7bb/jersey-client-1.9.jar, file:/Users/hpatel/.gradle/caches/modules-2/files-2.1/javax.inject/javax.inject/1/6975da39a7040257bd51d21a231b76c915872d38/javax.inject-1.jar, file:/Users/hpatel/.gradle/caches/modules-2/files-2.1/aopalliance/aopalliance/1.0/235ba8b489512805ac13a8f9ea77a1ca5ebe3e8/aopalliance-1.0.jar, file:/Users/hpatel/.gradle/caches/modules-2/files-2.1/org.sonatype.sisu.inject/cglib/2.2.1-v20090111/7ce5e983fd0e6c78346f4c9cbfa39d83049dda2/cglib-2.2.1-v20090111.jar, file:/Users/hpatel/.gradle/caches/modules-2/files-2.1/oro/oro/2.0.8/5592374f834645c4ae250f4c9fbb314c9369d698/oro-2.0.8.jar, file:/Users/hpatel/.gradle/caches/modules-2/files-2.1/org.mortbay.jetty/jetty/6.1.26.cloudera.4/d59325a5ff8ff18f7543bc3fbb9d5efa0c0ff521/jetty-6.1.26.cloudera.4.jar, file:/Users/hpatel/.gradle/caches/modules-2/files-2.1/org.mortbay.jetty/jetty-util/6.1.26.cloudera.4/b8507b7c5d3fd9a3d01775272cbf1a63f530c19d/jetty-util-6.1.26.cloudera.4.jar, file:/Users/hpatel/.gradle/caches/modules-2/files-2.1/net.java.dev.jets3t/jets3t/0.9.0/792bc96ee7e57b89f472aa0cb5a31015b9f59c96/jets3t-0.9.0.jar, file:/Users/hpatel/.gradle/caches/modules-2/files-2.1/com.jamesmurty.utils/java-xmlbuilder/0.4/ac5962e48cdee3a0a6e1f8e00fcb594747ac5aaf/java-xmlbuilder-0.4.jar, file:/Users/hpatel/.gradle/caches/modules-2/files-2.1/org.codehaus.jackson/jackson-core-asl/1.9.13/3c304d70f42f832e0a86d45bd437f692129299a4/jackson-core-asl-1.9.13.jar, file:/Users/hpatel/.gradle/caches/modules-2/files-2.1/org.codehaus.jackson/jackson-mapper-asl/1.9.13/1ee2f2bed0e5dd29d1cb155a166e6f8d50bbddb7/jackson-mapper-asl-1.9.13.jar, file:/Users/hpatel/.gradle/caches/modules-2/files-2.1/org.slf4j/slf4j-api/1.7.6/562424e36df3d2327e8e9301a76027fca17d54ea/slf4j-api-1.7.6.jar, file:/Users/hpatel/.gradle/caches/modules-2/files-2.1/org.apache.zookeeper/zookeeper/3.4.6/1b2502e29da1ebaade2357cd1de35a855fa3755/zookeeper-3.4.6.jar, file:/Users/hpatel/.gradle/caches/modules-2/files-2.1/com.google.guava/guava/16.0.1/5fa98cd1a63c99a44dd8d3b77e4762b066a5d0c5/guava-16.0.1.jar, file:/Users/hpatel/.gradle/caches/modules-2/files-2.1/com.sun.jersey/jersey-server/1.14/b1a21724c9b708ed54d42d41bb19ff45ae1d49d9/jersey-server-1.14.jar, file:/Users/hpatel/.gradle/caches/modules-2/files-2.1/org.apache.thrift/libthrift/0.9.0/9ba8df332b5db95ce7f3b7a83e44d796c3d014d3/libthrift-0.9.0.jar, file:/Users/hpatel/.gradle/caches/modules-2/files-2.1/org.codehaus.jackson/jackson-jaxrs/1.8.8/71b16055388e9bd3991c3c3834e8e55098b789f1/jackson-jaxrs-1.8.8.jar, file:/Users/hpatel/.gradle/caches/modules-2/files-2.1/org.codehaus.jackson/jackson-xc/1.8.8/52efa08bc1e4cfea168f552b9e3088297d9d0926/jackson-xc-1.8.8.jar, file:/Users/hpatel/.gradle/caches/modules-2/files-2.1/org.apache.httpcomponents/httpcore/4.2.4/3b7f38df6de5dd8b500e602ae8c2dd5ee446f883/httpcore-4.2.4.jar, file:/Users/hpatel/.gradle/caches/modules-2/files-2.1/io.netty/netty/3.7.0.Final/7a8c35599c68c0bf383df74469aa3e03d9aca87/netty-3.7.0.Final.jar, file:/Users/hpatel/.gradle/caches/modules-2/files-2.1/commons-codec/commons-codec/1.6/b7f0fc8f61ecadeb3695f0b9464755eee44374d4/commons-codec-1.6.jar, file:/Users/hpatel/.gradle/caches/modules-2/files-2.1/com.sun.jersey/jersey-core/1.14/693061de8b9b352b11e997b1dd4052677778852d/jersey-core-1.14.jar]
15/09/09 11:10:53 INFO mr.ExecMapper: thread classpath = [file:/Users/hpatel/.gradle/caches/2.4/workerMain/gradle-worker.jar, file:/Users/hpatel/Tech/Projects/CAT/HiveRunner/build/classes/test/, file:/Users/hpatel/Tech/Projects/CAT/HiveRunner/build/resources/test/, file:/Users/hpatel/Tech/Projects/CAT/HiveRunner/build/classes/main/, file:/Users/hpatel/Tech/Projects/CAT/HiveRunner/build/resources/main/, file:/Users/hpatel/.gradle/caches/modules-2/files-2.1/org.apache.hadoop/hadoop-core/2.5.0-mr1-cdh5.3.3/f6f4a77f818757da51ae0244310855779c04c4be/hadoop-core-2.5.0-mr1-cdh5.3.3.jar, file:/Users/hpatel/.gradle/caches/modules-2/files-2.1/org.apache.hadoop/hadoop-common/2.5.0-cdh5.3.3/f0862eb1dc33c1807ea29a248af75551e3c6836a/hadoop-common-2.5.0-cdh5.3.3.jar, file:/Users/hpatel/.gradle/caches/modules-2/files-2.1/org.apache.hadoop/hadoop-client/2.5.0-cdh5.3.3/ec3cd6a8cb043e73a42918934c5d3a3f2747c78b/hadoop-client-2.5.0-cdh5.3.3.jar, file:/Users/hpatel/.gradle/caches/modules-2/files-2.1/org.apache.hive/hive-shims/0.13.1-cdh5.3.3/47b029532c0b9d45526dcdd858823e6f9634ab81/hive-shims-0.13.1-cdh5.3.3.jar, file:/Users/hpatel/.gradle/caches/modules-2/files-2.1/org.apache.hive/hive-serde/0.13.1-cdh5.3.3/9cee47c844d726e9bcef6ab292e1319b7fbddaa3/hive-serde-0.13.1-cdh5.3.3.jar, file:/Users/hpatel/.gradle/caches/modules-2/files-2.1/org.apache.hive/hive-contrib/0.13.1-cdh5.3.3/bf89b429c9b173ac275dc0c1623f5c30e780ee98/hive-contrib-0.13.1-cdh5.3.3.jar, file:/Users/hpatel/.gradle/caches/modules-2/files-2.1/org.datanucleus/datanucleus-api-jdo/3.2.8/efc60221fbc91e95cf5758b98c6c5531660696cb/datanucleus-api-jdo-3.2.8.jar, file:/Users/hpatel/.gradle/caches/modules-2/files-2.1/org.datanucleus/datanucleus-core/3.2.12/3212183bb5a2826cd5ff194b9a54619dd0bdf31f/datanucleus-core-3.2.12.jar, file:/Users/hpatel/.gradle/caches/modules-2/files-2.1/org.datanucleus/datanucleus-rdbms/3.2.11/5b053144c89fdff1505b853aa7f1e5ba7657da75/datanucleus-rdbms-3.2.11.jar, file:/Users/hpatel/.gradle/caches/modules-2/files-2.1/org.hsqldb/hsqldb/2.3.1/bd7153caa30958e1c64a3dd38b93e5a7442d9a0e/hsqldb-2.3.1.jar, file:/Users/hpatel/.gradle/caches/modules-2/files-2.1/org.reflections/reflections/0.9.8/f723abb59bf512952bfc503838f70f81487a6993/reflections-0.9.8.jar, file:/Users/hpatel/.gradle/caches/modules-2/files-2.1/org.pentaho/pentaho-aggdesigner-algorithm/5.1.5-jhyde/c52379c645c6c85300e645dff7c72653bf85baa2/pentaho-aggdesigner-algorithm-5.1.5-jhyde.jar, file:/Users/hpatel/.gradle/caches/modules-2/files-2.1/org.apache.hive/hive-service/0.13.1-cdh5.3.3/c7979b4213bfb62823d43ba726e0fea58032dd1e/hive-service-0.13.1-cdh5.3.3.jar, file:/Users/hpatel/.gradle/caches/modules-2/files-2.1/junit/junit/4.11/4e031bb61df09069aeb2bffb4019e7a5034a4ee0/junit-4.11.jar, file:/Users/hpatel/.gradle/caches/modules-2/files-2.1/org.mockito/mockito-core/1.10.19/e8546f5bef4e061d8dd73895b4e8f40e3fe6effe/mockito-core-1.10.19.jar, file:/Users/hpatel/.gradle/caches/modules-2/files-2.1/org.hamcrest/hamcrest-all/1.3/63a21ebc981131004ad02e0434e799fd7f3a8d5a/hamcrest-all-1.3.jar, file:/Users/hpatel/.gradle/caches/modules-2/files-2.1/commons-cli/commons-cli/1.2/2bf96b7aa8b611c177d329452af1dc933e14501c/commons-cli-1.2.jar, file:/Users/hpatel/.gradle/caches/modules-2/files-2.1/xmlenc/xmlenc/0.52/d82554efbe65906d83b3d97bd7509289e9db561a/xmlenc-0.52.jar, file:/Users/hpatel/.gradle/caches/modules-2/files-2.1/commons-httpclient/commons-httpclient/3.1/964cd74171f427720480efdec40a7c7f6e58426a/commons-httpclient-3.1.jar, file:/Users/hpatel/.gradle/caches/modules-2/files-2.1/commons-net/commons-net/3.1/2298164a7c2484406f2aa5ac85b205d39019896f/commons-net-3.1.jar, file:/Users/hpatel/.gradle/caches/modules-2/files-2.1/tomcat/jasper-runtime/5.5.23/96ca5528a93ab47b001476b74320c644beb89dde/jasper-runtime-5.5.23.jar, file:/Users/hpatel/.gradle/caches/modules-2/files-2.1/tomcat/jasper-compiler/5.5.23/6d35bd7fb8c4fbc1f5401fb3678aa976d2e4c241/jasper-compiler-5.5.23.jar, file:/Users/hpatel/.gradle/caches/modules-2/files-2.1/javax.servlet.jsp/jsp-api/2.1/63f943103f250ef1f3a4d5e94d145a0f961f5316/jsp-api-2.1.jar, file:/Users/hpatel/.gradle/caches/modules-2/files-2.1/commons-el/commons-el/1.0/1df2c042b3f2de0124750241ac6c886dbfa2cc2c/commons-el-1.0.jar, file:/Users/hpatel/.gradle/caches/modules-2/files-2.1/javax.servlet/servlet-api/2.5/5959582d97d8b61f4d154ca9e495aafd16726e34/servlet-api-2.5.jar, file:/Users/hpatel/.gradle/caches/modules-2/files-2.1/hsqldb/hsqldb/1.8.0.10/7e9978fdb754bce5fcd5161133e7734ecb683036/hsqldb-1.8.0.10.jar, file:/Users/hpatel/.gradle/caches/modules-2/files-2.1/org.eclipse.jdt/core/3.1.1/88c83ce444cf46d02494da37c9fa1eebc9ce9cea/core-3.1.1.jar, file:/Users/hpatel/.gradle/caches/modules-2/files-2.1/org.apache.hadoop/hadoop-annotations/2.5.0-cdh5.3.3/e3b40743127d82ff7a6f263d00419368a46ce608/hadoop-annotations-2.5.0-cdh5.3.3.jar, file:/Users/hpatel/.gradle/caches/modules-2/files-2.1/org.apache.commons/commons-math3/3.1.1/6719d757a98ff24a83d9d727bef9cec83f59b6e1/commons-math3-3.1.1.jar, file:/Users/hpatel/.gradle/caches/modules-2/files-2.1/commons-io/commons-io/2.4/b1b6ea3b7e4aa4f492509a4952029cd8e48019ad/commons-io-2.4.jar, file:/Users/hpatel/.gradle/caches/modules-2/files-2.1/commons-collections/commons-collections/3.2.1/761ea405b9b37ced573d2df0d1e3a4e0f9edc668/commons-collections-3.2.1.jar, file:/Users/hpatel/.gradle/caches/modules-2/files-2.1/com.sun.jersey/jersey-json/1.9/1aa73e1896bcc7013fed247157d7f676226eb432/jersey-json-1.9.jar, file:/Users/hpatel/.gradle/caches/modules-2/files-2.1/commons-logging/commons-logging/1.1.3/f6f66e966c70a83ffbdb6f17a0919eaf7c8aca7f/commons-logging-1.1.3.jar, file:/Users/hpatel/.gradle/caches/modules-2/files-2.1/log4j/log4j/1.2.17/5af35056b4d257e4b64b9e8069c0746e8b08629f/log4j-1.2.17.jar, file:/Users/hpatel/.gradle/caches/modules-2/files-2.1/commons-lang/commons-lang/2.6/ce1edb914c94ebc388f086c6827e8bdeec71ac2/commons-lang-2.6.jar, file:/Users/hpatel/.gradle/caches/modules-2/files-2.1/commons-configuration/commons-configuration/1.6/32cadde23955d7681b0d94a2715846d20b425235/commons-configuration-1.6.jar, file:/Users/hpatel/.gradle/caches/modules-2/files-2.1/org.slf4j/slf4j-log4j12/1.7.5/6edffc576ce104ec769d954618764f39f0f0f10d/slf4j-log4j12-1.7.5.jar, file:/Users/hpatel/.gradle/caches/modules-2/files-2.1/org.apache.avro/avro/1.7.6-cdh5.3.3/6d90271293977d199ed07002bf35e2805405cc64/avro-1.7.6-cdh5.3.3.jar, file:/Users/hpatel/.gradle/caches/modules-2/files-2.1/com.google.protobuf/protobuf-java/2.5.0/a10732c76bfacdbd633a7eb0f7968b1059a65dfa/protobuf-java-2.5.0.jar, file:/Users/hpatel/.gradle/caches/modules-2/files-2.1/com.google.code.gson/gson/2.2.4/a60a5e993c98c864010053cb901b7eab25306568/gson-2.2.4.jar, file:/Users/hpatel/.gradle/caches/modules-2/files-2.1/org.apache.hadoop/hadoop-auth/2.5.0-cdh5.3.3/847eb288da72acfdd7d202da5149dec6cd20ceba/hadoop-auth-2.5.0-cdh5.3.3.jar, file:/Users/hpatel/.gradle/caches/modules-2/files-2.1/com.jcraft/jsch/0.1.42/a86104b0f2e0c0bab5b0df836065823a99b5e334/jsch-0.1.42.jar, file:/Users/hpatel/.gradle/caches/modules-2/files-2.1/org.apache.curator/curator-client/2.6.0/b9007c357ad1a78066fc6004e8b1feaa2318f6f3/curator-client-2.6.0.jar, file:/Users/hpatel/.gradle/caches/modules-2/files-2.1/org.apache.curator/curator-recipes/2.6.0/8736b0fc42e6bf006d585fe85c90aaa4ade5cbef/curator-recipes-2.6.0.jar, file:/Users/hpatel/.gradle/caches/modules-2/files-2.1/com.google.code.findbugs/jsr305/1.3.9/40719ea6961c0cb6afaeb6a921eaa1f6afd4cfdf/jsr305-1.3.9.jar, file:/Users/hpatel/.gradle/caches/modules-2/files-2.1/org.apache.commons/commons-compress/1.4.1/b02e84a993d88568417536240e970c4b809126fd/commons-compress-1.4.1.jar, file:/Users/hpatel/.gradle/caches/modules-2/files-2.1/org.apache.hadoop/hadoop-hdfs/2.5.0-cdh5.3.3/5dd5e2be13d89a9eaab89d3a33bcdf6677671aa9/hadoop-hdfs-2.5.0-cdh5.3.3.jar, file:/Users/hpatel/.gradle/caches/modules-2/files-2.1/org.apache.hadoop/hadoop-mapreduce-client-app/2.5.0-cdh5.3.3/579948f8fa6d9d72bf507bd021fa3dcc0670e95f/hadoop-mapreduce-client-app-2.5.0-cdh5.3.3.jar, file:/Users/hpatel/.gradle/caches/modules-2/files-2.1/org.apache.hadoop/hadoop-yarn-api/2.5.0-cdh5.3.3/a6d9b4b7cbcacd000350a3e33c70269101b5fc79/hadoop-yarn-api-2.5.0-cdh5.3.3.jar, file:/Users/hpatel/.gradle/caches/modules-2/files-2.1/org.apache.hadoop/hadoop-mapreduce-client-core/2.5.0-cdh5.3.3/f2c8eaa2b8a5839a7781f04cf59c4d1abfefec9e/hadoop-mapreduce-client-core-2.5.0-cdh5.3.3.jar, file:/Users/hpatel/.gradle/caches/modules-2/files-2.1/org.apache.hadoop/hadoop-mapreduce-client-jobclient/2.5.0-cdh5.3.3/f8baecab9a91245a97e29e4867a7f5ae128ef8a9/hadoop-mapreduce-client-jobclient-2.5.0-cdh5.3.3.jar, file:/Users/hpatel/.gradle/caches/modules-2/files-2.1/org.apache.hadoop/hadoop-aws/2.5.0-cdh5.3.3/f712d9cf59c859914254bed5c87ee4e5a2204e78/hadoop-aws-2.5.0-cdh5.3.3.jar, file:/Users/hpatel/.gradle/caches/modules-2/files-2.1/org.apache.hive.shims/hive-shims-common/0.13.1-cdh5.3.3/3d9e5245018fbde18f52c4ab25fc35afdec2fc0a/hive-shims-common-0.13.1-cdh5.3.3.jar, file:/Users/hpatel/.gradle/caches/modules-2/files-2.1/org.apache.hive.shims/hive-shims-common-secure/0.13.1-cdh5.3.3/6b29a16b2a41b89bdbbc681c257ad7f766a90bcb/hive-shims-common-secure-0.13.1-cdh5.3.3.jar, file:/Users/hpatel/.gradle/caches/modules-2/files-2.1/org.apache.hive.shims/hive-shims-0.23/0.13.1-cdh5.3.3/7ab834955a767af200d1d9151c204751637d9ca9/hive-shims-0.23-0.13.1-cdh5.3.3.jar, file:/Users/hpatel/.gradle/caches/modules-2/files-2.1/org.apache.hive.shims/hive-shims-scheduler/0.13.1-cdh5.3.3/b6644420b74f936a838f7f3fd2fa19c19add0449/hive-shims-scheduler-0.13.1-cdh5.3.3.jar, file:/Users/hpatel/.gradle/caches/modules-2/files-2.1/org.apache.hive/hive-common/0.13.1-cdh5.3.3/e3fbf24d30a553c50ae4d4eed23f81b0e1211c5a/hive-common-0.13.1-cdh5.3.3.jar, file:/Users/hpatel/.gradle/caches/modules-2/files-2.1/net.sf.opencsv/opencsv/2.3/c23708cdb9e80a144db433e23344a788a1fd6599/opencsv-2.3.jar, file:/Users/hpatel/.gradle/caches/modules-2/files-2.1/com.sun.jersey/jersey-servlet/1.14/4b87041a59ee152757b62e47a21d5b63fde20ffe/jersey-servlet-1.14.jar, file:/Users/hpatel/.gradle/caches/modules-2/files-2.1/org.apache.hive/hive-exec/0.13.1-cdh5.3.3/4d935274127f47dd9c0875efcf317ba49aef1219/hive-exec-0.13.1-cdh5.3.3.jar, file:/Users/hpatel/.gradle/caches/modules-2/files-2.1/javassist/javassist/3.12.1.GA/526633327faa61aee448a519e8a4d53ec3057885/javassist-3.12.1.GA.jar, file:/Users/hpatel/.gradle/caches/modules-2/files-2.1/dom4j/dom4j/1.6.1/5d3ccc056b6f056dbf0dddfdf43894b9065a8f94/dom4j-1.6.1.jar, file:/Users/hpatel/.gradle/caches/modules-2/files-2.1/org.apache.hive/hive-metastore/0.13.1-cdh5.3.3/ca93686a17f064a5ab6587799721cddd7836e53a/hive-metastore-0.13.1-cdh5.3.3.jar, file:/Users/hpatel/.gradle/caches/modules-2/files-2.1/net.sf.jpam/jpam/1.1/cb3d91c2dfda767518a371dbb02edfd6a4aa0600/jpam-1.1.jar, file:/Users/hpatel/.gradle/caches/modules-2/files-2.1/org.eclipse.jetty.aggregate/jetty-all/7.6.0.v20120127/47bb68e3837e5c6422138dd1e0d4d75c60dce87a/jetty-all-7.6.0.v20120127.jar, file:/Users/hpatel/.gradle/caches/modules-2/files-2.1/org.apache.thrift/libfb303/0.9.0/639bd69767fdbd7f658ce8233248fe1cea635164/libfb303-0.9.0.jar, file:/Users/hpatel/.gradle/caches/modules-2/files-2.1/org.hamcrest/hamcrest-core/1.3/42a25dc3219429f0e5d060061f71acb49bf010a0/hamcrest-core-1.3.jar, file:/Users/hpatel/.gradle/caches/modules-2/files-2.1/org.objenesis/objenesis/2.1/87c0ea803b69252868d09308b4618f766f135a96/objenesis-2.1.jar, file:/Users/hpatel/.gradle/caches/modules-2/files-2.1/jline/jline/0.9.94/99a18e9a44834afdebc467294e1138364c207402/jline-0.9.94.jar, file:/Users/hpatel/.gradle/caches/modules-2/files-2.1/org.codehaus.jettison/jettison/1.1/1a01a2a1218fcf9faa2cc2a6ced025bdea687262/jettison-1.1.jar, file:/Users/hpatel/.gradle/caches/modules-2/files-2.1/com.sun.xml.bind/jaxb-impl/2.2.3-1/56baae106392040a45a06d4a41099173425da1e6/jaxb-impl-2.2.3-1.jar, file:/Users/hpatel/.gradle/caches/modules-2/files-2.1/asm/asm/3.1/c157def142714c544bdea2e6144645702adf7097/asm-3.1.jar, file:/Users/hpatel/.gradle/caches/modules-2/files-2.1/commons-digester/commons-digester/1.8/dc6a73fdbd1fa3f0944e8497c6c872fa21dca37e/commons-digester-1.8.jar, file:/Users/hpatel/.gradle/caches/modules-2/files-2.1/commons-beanutils/commons-beanutils-core/1.8.0/175dc721f87e4bc5cc0573f990e28c3cf9117508/commons-beanutils-core-1.8.0.jar, file:/Users/hpatel/.gradle/caches/modules-2/files-2.1/com.thoughtworks.paranamer/paranamer/2.3/4a85963a752c0a2f715c3924bfc686865e7e1bc6/paranamer-2.3.jar, file:/Users/hpatel/.gradle/caches/modules-2/files-2.1/org.xerial.snappy/snappy-java/1.0.5/10cb4550360a0ec6b80f09a5209d00b6058e82bf/snappy-java-1.0.5.jar, file:/Users/hpatel/.gradle/caches/modules-2/files-2.1/org.apache.httpcomponents/httpclient/4.2.5/666e26e76f2e87d84e4f16acb546481ae1b8e9a6/httpclient-4.2.5.jar, file:/Users/hpatel/.gradle/caches/modules-2/files-2.1/org.apache.directory.server/apacheds-kerberos-codec/2.0.0-M15/1c16e4e477183641c5f0dd5cdecd27ec331bacb5/apacheds-kerberos-codec-2.0.0-M15.jar, file:/Users/hpatel/.gradle/caches/modules-2/files-2.1/org.apache.curator/curator-framework/2.6.0/81a699c39d127b5b4ff97cc77da7650b53e5b5ed/curator-framework-2.6.0.jar, file:/Users/hpatel/.gradle/caches/modules-2/files-2.1/org.tukaani/xz/1.0/ecff5cb8b1189514c9d1d8d68eb77ac372e000c9/xz-1.0.jar, file:/Users/hpatel/.gradle/caches/modules-2/files-2.1/org.apache.hadoop/hadoop-mapreduce-client-common/2.5.0-cdh5.3.3/f0d777bb76ca9f540c0c81a45934f0f5cf9975b8/hadoop-mapreduce-client-common-2.5.0-cdh5.3.3.jar, file:/Users/hpatel/.gradle/caches/modules-2/files-2.1/org.apache.hadoop/hadoop-mapreduce-client-shuffle/2.5.0-cdh5.3.3/b6c4316f6fcc406edf7e5bd77c50e46034ad5519/hadoop-mapreduce-client-shuffle-2.5.0-cdh5.3.3.jar, file:/Users/hpatel/.gradle/caches/modules-2/files-2.1/org.apache.hadoop/hadoop-yarn-common/2.5.0-cdh5.3.3/9499713b674eae1aa714fcd0e95e0d09daaf3824/hadoop-yarn-common-2.5.0-cdh5.3.3.jar, file:/Users/hpatel/.gradle/caches/modules-2/files-2.1/com.fasterxml.jackson.core/jackson-databind/2.2.3/3ae380888029daefb91d3ecdca3a37d8cb92bc9/jackson-databind-2.2.3.jar, file:/Users/hpatel/.gradle/caches/modules-2/files-2.1/com.fasterxml.jackson.core/jackson-annotations/2.2.3/527fece4f23a457070a36c371a26d6c0208e1c3/jackson-annotations-2.2.3.jar, file:/Users/hpatel/.gradle/caches/modules-2/files-2.1/com.amazonaws/aws-java-sdk/1.7.4/2c24ccb6f1ab845a7df971951d4b41c709a6517d/aws-java-sdk-1.7.4.jar, file:/Users/hpatel/.gradle/caches/modules-2/files-2.1/org.apache.hive/hive-ant/0.13.1-cdh5.3.3/86954e92a903253177cd6935798c50a6c32b7b81/hive-ant-0.13.1-cdh5.3.3.jar, file:/Users/hpatel/.gradle/caches/modules-2/files-2.1/org.apache.commons/commons-lang3/3.1/905075e6c80f206bbe6cf1e809d2caa69f420c76/commons-lang3-3.1.jar, file:/Users/hpatel/.gradle/caches/modules-2/files-2.1/org.antlr/antlr-runtime/3.4/8f011408269a8e42b8548687e137d8eeb56df4b4/antlr-runtime-3.4.jar, file:/Users/hpatel/.gradle/caches/modules-2/files-2.1/org.antlr/ST4/4.0.4/467a2aa12be6d0f0f68c70eecf6714ab733027ac/ST4-4.0.4.jar, file:/Users/hpatel/.gradle/caches/modules-2/files-2.1/org.apache.ant/ant/1.9.1/35900c96dbebc85dcfbd71f4661059ebcf93c077/ant-1.9.1.jar, file:/Users/hpatel/.gradle/caches/modules-2/files-2.1/org.codehaus.groovy/groovy-all/2.1.6/165b8246372a829c1915611646f6d964010656cf/groovy-all-2.1.6.jar, file:/Users/hpatel/.gradle/caches/modules-2/files-2.1/stax/stax-api/1.0.1/49c100caf72d658aca8e58bd74a4ba90fa2b0d70/stax-api-1.0.1.jar, file:/Users/hpatel/.gradle/caches/modules-2/files-2.1/xml-apis/xml-apis/1.0.b2/3136ca936f64c9d68529f048c2618bd356bf85c9/xml-apis-1.0.b2.jar, file:/Users/hpatel/.gradle/caches/modules-2/files-2.1/com.jolbox/bonecp/0.8.0.RELEASE/cec24ee9345b3678472bb1b8fdd6aa6b9428beb8/bonecp-0.8.0.RELEASE.jar, file:/Users/hpatel/.gradle/caches/modules-2/files-2.1/org.apache.derby/derby/10.10.1.1/9f6f910f0373adc1b23c10f9b4bb151b7e7449f/derby-10.10.1.1.jar, file:/Users/hpatel/.gradle/caches/modules-2/files-2.1/javax.jdo/jdo-api/3.0.1/58e7a538e020b73871e232eeb064835fd98a492/jdo-api-3.0.1.jar, file:/Users/hpatel/.gradle/caches/modules-2/files-2.1/org.apache.geronimo.specs/geronimo-jta_1.1_spec/1.1.1/aabab3165b8ea936b9360abbf448459c0d04a5a4/geronimo-jta_1.1_spec-1.1.1.jar, file:/Users/hpatel/.gradle/caches/modules-2/files-2.1/javax.mail/mail/1.4.1/8b7bc69010655425dabf091b51d1e90b4de36715/mail-1.4.1.jar, file:/Users/hpatel/.gradle/caches/modules-2/files-2.1/javax.activation/activation/1.1/e6cb541461c2834bdea3eb920f1884d1eb508b50/activation-1.1.jar, file:/Users/hpatel/.gradle/caches/modules-2/files-2.1/org.apache.geronimo.specs/geronimo-jaspic_1.0_spec/1.0/44b95be7dae1147716dce5336419eafade880756/geronimo-jaspic_1.0_spec-1.0.jar, file:/Users/hpatel/.gradle/caches/modules-2/files-2.1/org.apache.geronimo.specs/geronimo-annotation_1.0_spec/1.1.1/47caa799389f69d297b86bf90523d431599c3796/geronimo-annotation_1.0_spec-1.1.1.jar, file:/Users/hpatel/.gradle/caches/modules-2/files-2.1/asm/asm-commons/3.1/1b607fbfe7889c6fdff1b7c16439ade0a60869ac/asm-commons-3.1.jar, file:/Users/hpatel/.gradle/caches/modules-2/files-2.1/javax.xml.bind/jaxb-api/2.2.2/aeb3021ca93dde265796d82015beecdcff95bf09/jaxb-api-2.2.2.jar, file:/Users/hpatel/.gradle/caches/modules-2/files-2.1/commons-beanutils/commons-beanutils/1.7.0/5675fd96b29656504b86029551973d60fb41339b/commons-beanutils-1.7.0.jar, file:/Users/hpatel/.gradle/caches/modules-2/files-2.1/org.apache.directory.server/apacheds-i18n/2.0.0-M15/71c61c84683152ec2a6a65f3f96fe534e304fa22/apacheds-i18n-2.0.0-M15.jar, file:/Users/hpatel/.gradle/caches/modules-2/files-2.1/org.apache.directory.api/api-asn1-api/1.0.0-M20/5e6486ffa3125ba44dc410ead166e1d6ba8ac76d/api-asn1-api-1.0.0-M20.jar, file:/Users/hpatel/.gradle/caches/modules-2/files-2.1/org.apache.directory.api/api-util/1.0.0-M20/a871abf060b3cf83fc6dc4d7e3d151fce50ac3cb/api-util-1.0.0-M20.jar, file:/Users/hpatel/.gradle/caches/modules-2/files-2.1/org.apache.hadoop/hadoop-yarn-client/2.5.0-cdh5.3.3/2d2ce5d0138d02b20aefcfc1ee8dd6f691911f63/hadoop-yarn-client-2.5.0-cdh5.3.3.jar, file:/Users/hpatel/.gradle/caches/modules-2/files-2.1/org.apache.hadoop/hadoop-yarn-server-common/2.5.0-cdh5.3.3/d099fcc19f56d477fa6b5b47ae4e06bb97538778/hadoop-yarn-server-common-2.5.0-cdh5.3.3.jar, file:/Users/hpatel/.gradle/caches/modules-2/files-2.1/org.apache.hadoop/hadoop-yarn-server-nodemanager/2.5.0-cdh5.3.3/278b2d7a6454ce57a94ab02a88c0b188afc8facc/hadoop-yarn-server-nodemanager-2.5.0-cdh5.3.3.jar, file:/Users/hpatel/.gradle/caches/modules-2/files-2.1/org.fusesource.leveldbjni/leveldbjni-all/1.8/707350a2eeb1fa2ed77a32ddb3893ed308e941db/leveldbjni-all-1.8.jar, file:/Users/hpatel/.gradle/caches/modules-2/files-2.1/com.google.inject/guice/3.0/9d84f15fe35e2c716a02979fb62f50a29f38aefa/guice-3.0.jar, file:/Users/hpatel/.gradle/caches/modules-2/files-2.1/com.sun.jersey.contribs/jersey-guice/1.9/5963c28c47df7e5d6ad34cec80c071c368777f7b/jersey-guice-1.9.jar, file:/Users/hpatel/.gradle/caches/modules-2/files-2.1/com.fasterxml.jackson.core/jackson-core/2.2.3/1a0113da2cab5f4c216b4e5e7c1dbfaa67087e14/jackson-core-2.2.3.jar, file:/Users/hpatel/.gradle/caches/modules-2/files-2.1/org.apache.velocity/velocity/1.5/9f306baf7523ffc0e81a6353d08a584d254133b/velocity-1.5.jar, file:/Users/hpatel/.gradle/caches/modules-2/files-2.1/org.antlr/stringtemplate/3.2.1/59ec8083721eae215c6f3caee944c410d2be34de/stringtemplate-3.2.1.jar, file:/Users/hpatel/.gradle/caches/modules-2/files-2.1/antlr/antlr/2.7.7/83cd2cd674a217ade95a4bb83a8a14f351f48bd0/antlr-2.7.7.jar, file:/Users/hpatel/.gradle/caches/modules-2/files-2.1/org.apache.ant/ant-launcher/1.9.1/7c71043ca185eaada9e36391dd022d92859327de/ant-launcher-1.9.1.jar, file:/Users/hpatel/.gradle/caches/modules-2/files-2.1/javax.transaction/jta/1.1/2ca09f0b36ca7d71b762e14ea2ff09d5eac57558/jta-1.1.jar, file:/Users/hpatel/.gradle/caches/modules-2/files-2.1/asm/asm-tree/3.1/c9a5d4334ddf194ea492f22107d45119a5c5322f/asm-tree-3.1.jar, file:/Users/hpatel/.gradle/caches/modules-2/files-2.1/javax.xml.stream/stax-api/1.0-2/d6337b0de8b25e53e81b922352fbea9f9f57ba0b/stax-api-1.0-2.jar, file:/Users/hpatel/.gradle/caches/modules-2/files-2.1/com.sun.jersey/jersey-client/1.9/d3c4b2b5f89db32c96ceddcb863684821910a7bb/jersey-client-1.9.jar, file:/Users/hpatel/.gradle/caches/modules-2/files-2.1/javax.inject/javax.inject/1/6975da39a7040257bd51d21a231b76c915872d38/javax.inject-1.jar, file:/Users/hpatel/.gradle/caches/modules-2/files-2.1/aopalliance/aopalliance/1.0/235ba8b489512805ac13a8f9ea77a1ca5ebe3e8/aopalliance-1.0.jar, file:/Users/hpatel/.gradle/caches/modules-2/files-2.1/org.sonatype.sisu.inject/cglib/2.2.1-v20090111/7ce5e983fd0e6c78346f4c9cbfa39d83049dda2/cglib-2.2.1-v20090111.jar, file:/Users/hpatel/.gradle/caches/modules-2/files-2.1/oro/oro/2.0.8/5592374f834645c4ae250f4c9fbb314c9369d698/oro-2.0.8.jar, file:/Users/hpatel/.gradle/caches/modules-2/files-2.1/org.mortbay.jetty/jetty/6.1.26.cloudera.4/d59325a5ff8ff18f7543bc3fbb9d5efa0c0ff521/jetty-6.1.26.cloudera.4.jar, file:/Users/hpatel/.gradle/caches/modules-2/files-2.1/org.mortbay.jetty/jetty-util/6.1.26.cloudera.4/b8507b7c5d3fd9a3d01775272cbf1a63f530c19d/jetty-util-6.1.26.cloudera.4.jar, file:/Users/hpatel/.gradle/caches/modules-2/files-2.1/net.java.dev.jets3t/jets3t/0.9.0/792bc96ee7e57b89f472aa0cb5a31015b9f59c96/jets3t-0.9.0.jar, file:/Users/hpatel/.gradle/caches/modules-2/files-2.1/com.jamesmurty.utils/java-xmlbuilder/0.4/ac5962e48cdee3a0a6e1f8e00fcb594747ac5aaf/java-xmlbuilder-0.4.jar, file:/Users/hpatel/.gradle/caches/modules-2/files-2.1/org.codehaus.jackson/jackson-core-asl/1.9.13/3c304d70f42f832e0a86d45bd437f692129299a4/jackson-core-asl-1.9.13.jar, file:/Users/hpatel/.gradle/caches/modules-2/files-2.1/org.codehaus.jackson/jackson-mapper-asl/1.9.13/1ee2f2bed0e5dd29d1cb155a166e6f8d50bbddb7/jackson-mapper-asl-1.9.13.jar, file:/Users/hpatel/.gradle/caches/modules-2/files-2.1/org.slf4j/slf4j-api/1.7.6/562424e36df3d2327e8e9301a76027fca17d54ea/slf4j-api-1.7.6.jar, file:/Users/hpatel/.gradle/caches/modules-2/files-2.1/org.apache.zookeeper/zookeeper/3.4.6/1b2502e29da1ebaade2357cd1de35a855fa3755/zookeeper-3.4.6.jar, file:/Users/hpatel/.gradle/caches/modules-2/files-2.1/com.google.guava/guava/16.0.1/5fa98cd1a63c99a44dd8d3b77e4762b066a5d0c5/guava-16.0.1.jar, file:/Users/hpatel/.gradle/caches/modules-2/files-2.1/com.sun.jersey/jersey-server/1.14/b1a21724c9b708ed54d42d41bb19ff45ae1d49d9/jersey-server-1.14.jar, file:/Users/hpatel/.gradle/caches/modules-2/files-2.1/org.apache.thrift/libthrift/0.9.0/9ba8df332b5db95ce7f3b7a83e44d796c3d014d3/libthrift-0.9.0.jar, file:/Users/hpatel/.gradle/caches/modules-2/files-2.1/org.codehaus.jackson/jackson-jaxrs/1.8.8/71b16055388e9bd3991c3c3834e8e55098b789f1/jackson-jaxrs-1.8.8.jar, file:/Users/hpatel/.gradle/caches/modules-2/files-2.1/org.codehaus.jackson/jackson-xc/1.8.8/52efa08bc1e4cfea168f552b9e3088297d9d0926/jackson-xc-1.8.8.jar, file:/Users/hpatel/.gradle/caches/modules-2/files-2.1/org.apache.httpcomponents/httpcore/4.2.4/3b7f38df6de5dd8b500e602ae8c2dd5ee446f883/httpcore-4.2.4.jar, file:/Users/hpatel/.gradle/caches/modules-2/files-2.1/io.netty/netty/3.7.0.Final/7a8c35599c68c0bf383df74469aa3e03d9aca87/netty-3.7.0.Final.jar, file:/Users/hpatel/.gradle/caches/modules-2/files-2.1/commons-codec/commons-codec/1.6/b7f0fc8f61ecadeb3695f0b9464755eee44374d4/commons-codec-1.6.jar, file:/Users/hpatel/.gradle/caches/modules-2/files-2.1/com.sun.jersey/jersey-core/1.14/693061de8b9b352b11e997b1dd4052677778852d/jersey-core-1.14.jar]
15/09/09 11:10:53 INFO mr.ObjectCache: Ignoring retrieval request: __MAP_PLAN__
15/09/09 11:10:53 INFO mr.ObjectCache: Ignoring cache key: __MAP_PLAN__
15/09/09 11:10:53 INFO exec.MapOperator: dump TS struct<s1:string,s2:string>
15/09/09 11:10:53 INFO mr.ExecMapper: 
<MAP>Id =6
  <Children>
    <TS>Id =1
      <Children>
        <SEL>Id =2
          <Children>
            <FS>Id =3
              <Children>
              <\Children>
              <Parent>Id = 2 null<\Parent>
            <\FS>
          <\Children>
          <Parent>Id = 1 null<\Parent>
        <\SEL>
      <\Children>
      <Parent>Id = 6 null<\Parent>
    <\TS>
  <\Children>
  <Parent><\Parent>
<\MAP>
15/09/09 11:10:53 INFO exec.MapOperator: Initializing Self 6 MAP
15/09/09 11:10:53 INFO exec.TableScanOperator: Initializing Self 1 TS
15/09/09 11:10:53 INFO exec.TableScanOperator: Operator 1 TS initialized
15/09/09 11:10:53 INFO exec.TableScanOperator: Initializing children of 1 TS
15/09/09 11:10:53 INFO exec.SelectOperator: Initializing child 2 SEL
15/09/09 11:10:53 INFO exec.SelectOperator: Initializing Self 2 SEL
15/09/09 11:10:53 INFO exec.SelectOperator: SELECT struct<s1:string,s2:string>
15/09/09 11:10:53 INFO exec.SelectOperator: Operator 2 SEL initialized
15/09/09 11:10:53 INFO exec.SelectOperator: Initializing children of 2 SEL
15/09/09 11:10:53 INFO exec.FileSinkOperator: Initializing child 3 FS
15/09/09 11:10:53 INFO exec.FileSinkOperator: Initializing Self 3 FS
15/09/09 11:10:53 INFO exec.FileSinkOperator: Operator 3 FS initialized
15/09/09 11:10:53 INFO exec.FileSinkOperator: Initialization Done 3 FS
15/09/09 11:10:53 INFO exec.SelectOperator: Initialization Done 2 SEL
15/09/09 11:10:53 INFO exec.TableScanOperator: Initialization Done 1 TS
15/09/09 11:10:53 INFO exec.MapOperator: Initialization Done 6 MAP
15/09/09 11:10:53 INFO exec.MapOperator: Processing alias foo for file file:/var/folders/y7/4_pz5fzx54ngcmghz3v6t3m00000gn/T/junit839057265253569739/vs/foo
15/09/09 11:10:53 INFO exec.FileSinkOperator: Final Path: FS file:/var/folders/y7/4_pz5fzx54ngcmghz3v6t3m00000gn/T/junit839057265253569739/warehouse/.hive-staging_hive_2015-09-09_11-10-53_246_727563831350335262-1/_tmp.-ext-10003/000000_0
15/09/09 11:10:53 INFO exec.FileSinkOperator: Writing to temp file: FS file:/var/folders/y7/4_pz5fzx54ngcmghz3v6t3m00000gn/T/junit839057265253569739/warehouse/.hive-staging_hive_2015-09-09_11-10-53_246_727563831350335262-1/_task_tmp.-ext-10003/_tmp.000000_0
15/09/09 11:10:53 INFO exec.FileSinkOperator: New Final Path: FS file:/var/folders/y7/4_pz5fzx54ngcmghz3v6t3m00000gn/T/junit839057265253569739/warehouse/.hive-staging_hive_2015-09-09_11-10-53_246_727563831350335262-1/_tmp.-ext-10003/000000_0
15/09/09 11:10:53 INFO mr.ExecMapper: ExecMapper: processing 1 rows: used memory = 112981128
15/09/09 11:10:53 INFO exec.MapOperator: 6 finished. closing... 
15/09/09 11:10:53 INFO exec.MapOperator: DESERIALIZE_ERRORS:0
15/09/09 11:10:53 INFO exec.TableScanOperator: 1 finished. closing... 
15/09/09 11:10:53 INFO exec.SelectOperator: 2 finished. closing... 
15/09/09 11:10:53 INFO exec.FileSinkOperator: 3 finished. closing... 
15/09/09 11:10:53 INFO exec.FileSinkOperator: FS[3]: records written - 3
15/09/09 11:10:53 INFO exec.FileSinkOperator: RECORDS_OUT_1:3
15/09/09 11:10:53 INFO exec.FileSinkOperator: 3 Close done
15/09/09 11:10:53 INFO exec.SelectOperator: 2 Close done
15/09/09 11:10:53 INFO exec.TableScanOperator: 1 Close done
15/09/09 11:10:53 INFO exec.MapOperator: 6 Close done
15/09/09 11:10:53 INFO mr.ExecMapper: ExecMapper: processed 3 rows: used memory = 112981128
15/09/09 11:10:53 INFO mapred.Task: Task:attempt_local1845248677_0001_m_000000_0 is done. And is in the process of commiting
15/09/09 11:10:53 INFO mapred.LocalJobRunner: file:/var/folders/y7/4_pz5fzx54ngcmghz3v6t3m00000gn/T/junit839057265253569739/vs/foo/data.csv:0+11
15/09/09 11:10:53 INFO mapred.Task: Task 'attempt_local1845248677_0001_m_000000_0' done.
15/09/09 11:10:53 INFO mapred.LocalJobRunner: Finishing task: attempt_local1845248677_0001_m_000000_0
15/09/09 11:10:53 INFO mapred.LocalJobRunner: Map task executor complete.
2015-09-09 11:10:53,876 Stage-1 map = 100%,  reduce = 0%
15/09/09 11:10:53 INFO exec.Task: 2015-09-09 11:10:53,876 Stage-1 map = 100%,  reduce = 0%
Ended Job = job_local1845248677_0001
15/09/09 11:10:53 INFO exec.Task: Ended Job = job_local1845248677_0001
15/09/09 11:10:53 INFO exec.FileSinkOperator: Moving tmp dir: file:/var/folders/y7/4_pz5fzx54ngcmghz3v6t3m00000gn/T/junit839057265253569739/warehouse/.hive-staging_hive_2015-09-09_11-10-53_246_727563831350335262-1/_tmp.-ext-10003 to: file:/var/folders/y7/4_pz5fzx54ngcmghz3v6t3m00000gn/T/junit839057265253569739/warehouse/.hive-staging_hive_2015-09-09_11-10-53_246_727563831350335262-1/-ext-10003
15/09/09 11:10:53 INFO log.PerfLogger: <PERFLOG method=task.CONDITION.Stage-6 from=org.apache.hadoop.hive.ql.Driver>
Stage-3 is selected by condition resolver.
15/09/09 11:10:53 INFO exec.Task: Stage-3 is selected by condition resolver.
Stage-2 is filtered out by condition resolver.
15/09/09 11:10:53 INFO exec.Task: Stage-2 is filtered out by condition resolver.
Stage-4 is filtered out by condition resolver.
15/09/09 11:10:53 INFO exec.Task: Stage-4 is filtered out by condition resolver.
15/09/09 11:10:53 INFO log.PerfLogger: <PERFLOG method=task.MOVE.Stage-3 from=org.apache.hadoop.hive.ql.Driver>
Moving data to: file:/var/folders/y7/4_pz5fzx54ngcmghz3v6t3m00000gn/T/junit839057265253569739/warehouse/.hive-staging_hive_2015-09-09_11-10-53_246_727563831350335262-1/-ext-10001
15/09/09 11:10:53 INFO exec.Task: Moving data to: file:/var/folders/y7/4_pz5fzx54ngcmghz3v6t3m00000gn/T/junit839057265253569739/warehouse/.hive-staging_hive_2015-09-09_11-10-53_246_727563831350335262-1/-ext-10001 from file:/var/folders/y7/4_pz5fzx54ngcmghz3v6t3m00000gn/T/junit839057265253569739/warehouse/.hive-staging_hive_2015-09-09_11-10-53_246_727563831350335262-1/-ext-10003
15/09/09 11:10:53 INFO session.SessionState: Could not get hdfsEncryptionShim, it is only applicable to hdfs filesystem.
15/09/09 11:10:53 INFO metadata.Hive: Replacing src:file:/var/folders/y7/4_pz5fzx54ngcmghz3v6t3m00000gn/T/junit839057265253569739/warehouse/.hive-staging_hive_2015-09-09_11-10-53_246_727563831350335262-1/-ext-10003, dest: file:/var/folders/y7/4_pz5fzx54ngcmghz3v6t3m00000gn/T/junit839057265253569739/warehouse/.hive-staging_hive_2015-09-09_11-10-53_246_727563831350335262-1/-ext-10001, Status:true
15/09/09 11:10:53 INFO log.PerfLogger: <PERFLOG method=task.MOVE.Stage-0 from=org.apache.hadoop.hive.ql.Driver>
Moving data to: file:/var/folders/y7/4_pz5fzx54ngcmghz3v6t3m00000gn/T/junit839057265253569739/warehouse/foo_prim
15/09/09 11:10:53 INFO exec.Task: Moving data to: file:/var/folders/y7/4_pz5fzx54ngcmghz3v6t3m00000gn/T/junit839057265253569739/warehouse/foo_prim from file:/var/folders/y7/4_pz5fzx54ngcmghz3v6t3m00000gn/T/junit839057265253569739/warehouse/.hive-staging_hive_2015-09-09_11-10-53_246_727563831350335262-1/-ext-10001
15/09/09 11:10:53 INFO session.SessionState: Could not get hdfsEncryptionShim, it is only applicable to hdfs filesystem.
15/09/09 11:10:53 INFO metadata.Hive: Replacing src:file:/var/folders/y7/4_pz5fzx54ngcmghz3v6t3m00000gn/T/junit839057265253569739/warehouse/.hive-staging_hive_2015-09-09_11-10-53_246_727563831350335262-1/-ext-10001, dest: file:/var/folders/y7/4_pz5fzx54ngcmghz3v6t3m00000gn/T/junit839057265253569739/warehouse/foo_prim, Status:true
15/09/09 11:10:53 INFO log.PerfLogger: <PERFLOG method=task.DDL.Stage-7 from=org.apache.hadoop.hive.ql.Driver>
15/09/09 11:10:53 INFO metastore.HiveMetaStore: 0: create_table: Table(tableName:foo_prim, dbName:default, owner:hpatel, createTime:1441815053, lastAccessTime:0, retention:0, sd:StorageDescriptor(cols:[FieldSchema(name:s1, type:string, comment:null), FieldSchema(name:s2, type:string, comment:null)], location:null, inputFormat:org.apache.hadoop.mapred.TextInputFormat, outputFormat:org.apache.hadoop.hive.ql.io.HiveIgnoreKeyTextOutputFormat, compressed:false, numBuckets:-1, serdeInfo:SerDeInfo(name:null, serializationLib:org.apache.hadoop.hive.serde2.lazy.LazySimpleSerDe, parameters:{serialization.format=1}), bucketCols:[], sortCols:[], parameters:{}, skewedInfo:SkewedInfo(skewedColNames:[], skewedColValues:[], skewedColValueLocationMaps:{}), storedAsSubDirectories:false), partitionKeys:[], parameters:{}, viewOriginalText:null, viewExpandedText:null, tableType:MANAGED_TABLE)
15/09/09 11:10:53 INFO HiveMetaStore.audit: ugi=hpatel	ip=unknown-ip-addr	cmd=create_table: Table(tableName:foo_prim, dbName:default, owner:hpatel, createTime:1441815053, lastAccessTime:0, retention:0, sd:StorageDescriptor(cols:[FieldSchema(name:s1, type:string, comment:null), FieldSchema(name:s2, type:string, comment:null)], location:null, inputFormat:org.apache.hadoop.mapred.TextInputFormat, outputFormat:org.apache.hadoop.hive.ql.io.HiveIgnoreKeyTextOutputFormat, compressed:false, numBuckets:-1, serdeInfo:SerDeInfo(name:null, serializationLib:org.apache.hadoop.hive.serde2.lazy.LazySimpleSerDe, parameters:{serialization.format=1}), bucketCols:[], sortCols:[], parameters:{}, skewedInfo:SkewedInfo(skewedColNames:[], skewedColValues:[], skewedColValueLocationMaps:{}), storedAsSubDirectories:false), partitionKeys:[], parameters:{}, viewOriginalText:null, viewExpandedText:null, tableType:MANAGED_TABLE)	
15/09/09 11:10:53 INFO log.PerfLogger: </PERFLOG method=runTasks start=1441815053454 end=1441815053947 duration=493 from=org.apache.hadoop.hive.ql.Driver>
15/09/09 11:10:53 INFO log.PerfLogger: </PERFLOG method=Driver.execute start=1441815053453 end=1441815053947 duration=494 from=org.apache.hadoop.hive.ql.Driver>
MapReduce Jobs Launched: 
15/09/09 11:10:53 INFO ql.Driver: MapReduce Jobs Launched: 
Stage-Stage-1:  HDFS Read: 0 HDFS Write: 0 SUCCESS
15/09/09 11:10:53 INFO ql.Driver: Stage-Stage-1:  HDFS Read: 0 HDFS Write: 0 SUCCESS
Total MapReduce CPU Time Spent: 0 msec
15/09/09 11:10:53 INFO ql.Driver: Total MapReduce CPU Time Spent: 0 msec
OK
15/09/09 11:10:53 INFO ql.Driver: OK
15/09/09 11:10:53 INFO log.PerfLogger: <PERFLOG method=releaseLocks from=org.apache.hadoop.hive.ql.Driver>
15/09/09 11:10:53 INFO log.PerfLogger: </PERFLOG method=releaseLocks start=1441815053948 end=1441815053948 duration=0 from=org.apache.hadoop.hive.ql.Driver>
15/09/09 11:10:53 INFO log.PerfLogger: </PERFLOG method=Driver.run start=1441815053246 end=1441815053948 duration=702 from=org.apache.hadoop.hive.ql.Driver>
15/09/09 11:10:53 INFO service.HiveServer: Running the query: 



15/09/09 11:10:53 INFO service.HiveServer: Running the query: select * from foo_prim
15/09/09 11:10:53 INFO log.PerfLogger: <PERFLOG method=Driver.run from=org.apache.hadoop.hive.ql.Driver>
[...]
<MAP>Id =25
  <Children>
    <TS>Id =20
      <Children>
        <SEL>Id =21
          <Children>
            <FS>Id =22
              <Children>
              <\Children>
              <Parent>Id = 21 null<\Parent>
            <\FS>
          <\Children>
          <Parent>Id = 20 null<\Parent>
        <\SEL>
      <\Children>
      <Parent>Id = 25 null<\Parent>
    <\TS>
  <\Children>
  <Parent><\Parent>
<\MAP>
15/09/09 11:10:55 INFO exec.MapOperator: Initializing Self 25 MAP
15/09/09 11:10:55 INFO exec.TableScanOperator: Initializing Self 20 TS
15/09/09 11:10:55 INFO exec.TableScanOperator: Operator 20 TS initialized
15/09/09 11:10:55 INFO exec.TableScanOperator: Initializing children of 20 TS
15/09/09 11:10:55 INFO exec.SelectOperator: Initializing child 21 SEL
15/09/09 11:10:55 INFO exec.SelectOperator: Initializing Self 21 SEL
15/09/09 11:10:55 INFO exec.SelectOperator: SELECT struct<s1:string,s2:string>
15/09/09 11:10:55 INFO exec.SelectOperator: Operator 21 SEL initialized
15/09/09 11:10:55 INFO exec.SelectOperator: Initializing children of 21 SEL
15/09/09 11:10:55 INFO exec.FileSinkOperator: Initializing child 22 FS
15/09/09 11:10:55 INFO exec.FileSinkOperator: Initializing Self 22 FS
15/09/09 11:10:55 INFO exec.FileSinkOperator: Operator 22 FS initialized
15/09/09 11:10:55 INFO exec.FileSinkOperator: Initialization Done 22 FS
15/09/09 11:10:55 INFO exec.SelectOperator: Initialization Done 21 SEL
15/09/09 11:10:55 INFO exec.TableScanOperator: Initialization Done 20 TS
15/09/09 11:10:55 INFO exec.MapOperator: Initialization Done 25 MAP
15/09/09 11:10:55 INFO exec.MapOperator: Processing alias foo for file file:/var/folders/y7/4_pz5fzx54ngcmghz3v6t3m00000gn/T/junit3814940346317952918/vs/foo
15/09/09 11:10:55 INFO exec.FileSinkOperator: Final Path: FS file:/var/folders/y7/4_pz5fzx54ngcmghz3v6t3m00000gn/T/junit3814940346317952918/warehouse/.hive-staging_hive_2015-09-09_11-10-55_133_1218017466950626081-1/_tmp.-ext-10003/000000_0
15/09/09 11:10:55 INFO exec.FileSinkOperator: Writing to temp file: FS file:/var/folders/y7/4_pz5fzx54ngcmghz3v6t3m00000gn/T/junit3814940346317952918/warehouse/.hive-staging_hive_2015-09-09_11-10-55_133_1218017466950626081-1/_task_tmp.-ext-10003/_tmp.000000_0
15/09/09 11:10:55 INFO exec.FileSinkOperator: New Final Path: FS file:/var/folders/y7/4_pz5fzx54ngcmghz3v6t3m00000gn/T/junit3814940346317952918/warehouse/.hive-staging_hive_2015-09-09_11-10-55_133_1218017466950626081-1/_tmp.-ext-10003/000000_0
15/09/09 11:10:55 INFO mr.ExecMapper: ExecMapper: processing 1 rows: used memory = 240076504
15/09/09 11:10:55 INFO exec.MapOperator: 25 finished. closing... 
15/09/09 11:10:55 INFO exec.MapOperator: DESERIALIZE_ERRORS:0
15/09/09 11:10:55 INFO exec.TableScanOperator: 20 finished. closing... 
15/09/09 11:10:55 INFO exec.SelectOperator: 21 finished. closing... 
15/09/09 11:10:55 INFO exec.FileSinkOperator: 22 finished. closing... 
15/09/09 11:10:55 INFO exec.FileSinkOperator: FS[22]: records written - 3
15/09/09 11:10:55 INFO exec.FileSinkOperator: RECORDS_OUT_1:3
15/09/09 11:10:55 INFO exec.FileSinkOperator: 22 Close done
15/09/09 11:10:55 INFO exec.SelectOperator: 21 Close done
15/09/09 11:10:55 INFO exec.TableScanOperator: 20 Close done
15/09/09 11:10:55 INFO exec.MapOperator: 25 Close done
15/09/09 11:10:55 INFO mr.ExecMapper: ExecMapper: processed 3 rows: used memory = 240076504
15/09/09 11:10:55 INFO mapred.Task: Task:attempt_local607984378_0003_m_000000_0 is done. And is in the process of commiting
15/09/09 11:10:55 INFO mapred.LocalJobRunner: file:/var/folders/y7/4_pz5fzx54ngcmghz3v6t3m00000gn/T/junit3814940346317952918/vs/foo/data.csv:0+11
15/09/09 11:10:55 INFO mapred.Task: Task 'attempt_local607984378_0003_m_000000_0' done.
15/09/09 11:10:55 INFO mapred.LocalJobRunner: Finishing task: attempt_local607984378_0003_m_000000_0
15/09/09 11:10:55 INFO mapred.LocalJobRunner: Map task executor complete.
2015-09-09 11:10:55,332 Stage-1 map = 100%,  reduce = 0%
15/09/09 11:10:55 INFO exec.Task: 2015-09-09 11:10:55,332 Stage-1 map = 100%,  reduce = 0%
Ended Job = job_local607984378_0003
15/09/09 11:10:55 INFO exec.Task: Ended Job = job_local607984378_0003
15/09/09 11:10:55 INFO exec.FileSinkOperator: Moving tmp dir: file:/var/folders/y7/4_pz5fzx54ngcmghz3v6t3m00000gn/T/junit3814940346317952918/warehouse/.hive-staging_hive_2015-09-09_11-10-55_133_1218017466950626081-1/_tmp.-ext-10003 to: file:/var/folders/y7/4_pz5fzx54ngcmghz3v6t3m00000gn/T/junit3814940346317952918/warehouse/.hive-staging_hive_2015-09-09_11-10-55_133_1218017466950626081-1/-ext-10003
15/09/09 11:10:55 INFO log.PerfLogger: <PERFLOG method=task.CONDITION.Stage-6 from=org.apache.hadoop.hive.ql.Driver>
Stage-3 is selected by condition resolver.
15/09/09 11:10:55 INFO exec.Task: Stage-3 is selected by condition resolver.
Stage-2 is filtered out by condition resolver.
15/09/09 11:10:55 INFO exec.Task: Stage-2 is filtered out by condition resolver.
Stage-4 is filtered out by condition resolver.
15/09/09 11:10:55 INFO exec.Task: Stage-4 is filtered out by condition resolver.
15/09/09 11:10:55 INFO log.PerfLogger: <PERFLOG method=task.MOVE.Stage-3 from=org.apache.hadoop.hive.ql.Driver>
Moving data to: file:/var/folders/y7/4_pz5fzx54ngcmghz3v6t3m00000gn/T/junit3814940346317952918/warehouse/.hive-staging_hive_2015-09-09_11-10-55_133_1218017466950626081-1/-ext-10001
15/09/09 11:10:55 INFO exec.Task: Moving data to: file:/var/folders/y7/4_pz5fzx54ngcmghz3v6t3m00000gn/T/junit3814940346317952918/warehouse/.hive-staging_hive_2015-09-09_11-10-55_133_1218017466950626081-1/-ext-10001 from file:/var/folders/y7/4_pz5fzx54ngcmghz3v6t3m00000gn/T/junit3814940346317952918/warehouse/.hive-staging_hive_2015-09-09_11-10-55_133_1218017466950626081-1/-ext-10003
15/09/09 11:10:55 INFO session.SessionState: Could not get hdfsEncryptionShim, it is only applicable to hdfs filesystem.
15/09/09 11:10:55 INFO metadata.Hive: Replacing src:file:/var/folders/y7/4_pz5fzx54ngcmghz3v6t3m00000gn/T/junit3814940346317952918/warehouse/.hive-staging_hive_2015-09-09_11-10-55_133_1218017466950626081-1/-ext-10003, dest: file:/var/folders/y7/4_pz5fzx54ngcmghz3v6t3m00000gn/T/junit3814940346317952918/warehouse/.hive-staging_hive_2015-09-09_11-10-55_133_1218017466950626081-1/-ext-10001, Status:true
15/09/09 11:10:55 INFO log.PerfLogger: <PERFLOG method=task.MOVE.Stage-0 from=org.apache.hadoop.hive.ql.Driver>
Moving data to: file:/var/folders/y7/4_pz5fzx54ngcmghz3v6t3m00000gn/T/junit3814940346317952918/warehouse/foo_prim
15/09/09 11:10:55 INFO exec.Task: Moving data to: file:/var/folders/y7/4_pz5fzx54ngcmghz3v6t3m00000gn/T/junit3814940346317952918/warehouse/foo_prim from file:/var/folders/y7/4_pz5fzx54ngcmghz3v6t3m00000gn/T/junit3814940346317952918/warehouse/.hive-staging_hive_2015-09-09_11-10-55_133_1218017466950626081-1/-ext-10001
15/09/09 11:10:55 INFO session.SessionState: Could not get hdfsEncryptionShim, it is only applicable to hdfs filesystem.
15/09/09 11:10:55 INFO metadata.Hive: Replacing src:file:/var/folders/y7/4_pz5fzx54ngcmghz3v6t3m00000gn/T/junit3814940346317952918/warehouse/.hive-staging_hive_2015-09-09_11-10-55_133_1218017466950626081-1/-ext-10001, dest: file:/var/folders/y7/4_pz5fzx54ngcmghz3v6t3m00000gn/T/junit3814940346317952918/warehouse/foo_prim, Status:true
15/09/09 11:10:55 INFO log.PerfLogger: <PERFLOG method=task.DDL.Stage-7 from=org.apache.hadoop.hive.ql.Driver>
15/09/09 11:10:55 INFO metastore.HiveMetaStore: 0: create_table: Table(tableName:foo_prim, dbName:default, owner:hpatel, createTime:1441815055, lastAccessTime:0, retention:0, sd:StorageDescriptor(cols:[FieldSchema(name:s1, type:string, comment:null), FieldSchema(name:s2, type:string, comment:null)], location:null, inputFormat:org.apache.hadoop.mapred.TextInputFormat, outputFormat:org.apache.hadoop.hive.ql.io.HiveIgnoreKeyTextOutputFormat, compressed:false, numBuckets:-1, serdeInfo:SerDeInfo(name:null, serializationLib:org.apache.hadoop.hive.serde2.lazy.LazySimpleSerDe, parameters:{serialization.format=1}), bucketCols:[], sortCols:[], parameters:{}, skewedInfo:SkewedInfo(skewedColNames:[], skewedColValues:[], skewedColValueLocationMaps:{}), storedAsSubDirectories:false), partitionKeys:[], parameters:{}, viewOriginalText:null, viewExpandedText:null, tableType:MANAGED_TABLE)
15/09/09 11:10:55 INFO HiveMetaStore.audit: ugi=hpatel	ip=unknown-ip-addr	cmd=create_table: Table(tableName:foo_prim, dbName:default, owner:hpatel, createTime:1441815055, lastAccessTime:0, retention:0, sd:StorageDescriptor(cols:[FieldSchema(name:s1, type:string, comment:null), FieldSchema(name:s2, type:string, comment:null)], location:null, inputFormat:org.apache.hadoop.mapred.TextInputFormat, outputFormat:org.apache.hadoop.hive.ql.io.HiveIgnoreKeyTextOutputFormat, compressed:false, numBuckets:-1, serdeInfo:SerDeInfo(name:null, serializationLib:org.apache.hadoop.hive.serde2.lazy.LazySimpleSerDe, parameters:{serialization.format=1}), bucketCols:[], sortCols:[], parameters:{}, skewedInfo:SkewedInfo(skewedColNames:[], skewedColValues:[], skewedColValueLocationMaps:{}), storedAsSubDirectories:false), partitionKeys:[], parameters:{}, viewOriginalText:null, viewExpandedText:null, tableType:MANAGED_TABLE)	
15/09/09 11:10:55 INFO log.PerfLogger: </PERFLOG method=runTasks start=1441815055184 end=1441815055394 duration=210 from=org.apache.hadoop.hive.ql.Driver>
15/09/09 11:10:55 INFO log.PerfLogger: </PERFLOG method=Driver.execute start=1441815055183 end=1441815055394 duration=211 from=org.apache.hadoop.hive.ql.Driver>
MapReduce Jobs Launched: 
15/09/09 11:10:55 INFO ql.Driver: MapReduce Jobs Launched: 
Stage-Stage-1:  HDFS Read: 0 HDFS Write: 0 SUCCESS
15/09/09 11:10:55 INFO ql.Driver: Stage-Stage-1:  HDFS Read: 0 HDFS Write: 0 SUCCESS
Total MapReduce CPU Time Spent: 0 msec
15/09/09 11:10:55 INFO ql.Driver: Total MapReduce CPU Time Spent: 0 msec
OK
15/09/09 11:10:55 INFO ql.Driver: OK
15/09/09 11:10:55 INFO log.PerfLogger: <PERFLOG method=releaseLocks from=org.apache.hadoop.hive.ql.Driver>
15/09/09 11:10:55 INFO log.PerfLogger: </PERFLOG method=releaseLocks start=1441815055394 end=1441815055394 duration=0 from=org.apache.hadoop.hive.ql.Driver>
15/09/09 11:10:55 INFO log.PerfLogger: </PERFLOG method=Driver.run start=1441815055132 end=1441815055394 duration=262 from=org.apache.hadoop.hive.ql.Driver>
15/09/09 11:10:55 INFO service.HiveServer: Running the query: 



15/09/09 11:10:55 INFO service.HiveServer: Running the query: select * from foo_prim
15/09/09 11:10:55 INFO log.PerfLogger: <PERFLOG method=Driver.run from=org.apache.hadoop.hive.ql.Driver>
15/09/09 11:10:55 INFO log.PerfLogger: <PERFLOG method=TimeToSubmit from=org.apache.hadoop.hive.ql.Driver>
15/09/09 11:10:55 INFO ql.Driver: Concurrency mode is disabled, not creating a lock manager
15/09/09 11:10:55 INFO log.PerfLogger: <PERFLOG method=compile from=org.apache.hadoop.hive.ql.Driver>
15/09/09 11:10:55 INFO log.PerfLogger: <PERFLOG method=parse from=org.apache.hadoop.hive.ql.Driver>
15/09/09 11:10:55 INFO parse.ParseDriver: Parsing command: select * from foo_prim
15/09/09 11:10:55 INFO parse.ParseDriver: Parse Completed
15/09/09 11:10:55 INFO log.PerfLogger: </PERFLOG method=parse start=1441815055395 end=1441815055396 duration=1 from=org.apache.hadoop.hive.ql.Driver>
15/09/09 11:10:55 INFO log.PerfLogger: <PERFLOG method=semanticAnalyze from=org.apache.hadoop.hive.ql.Driver>
15/09/09 11:10:55 INFO parse.SemanticAnalyzer: Starting Semantic Analysis
15/09/09 11:10:55 INFO parse.SemanticAnalyzer: Completed phase 1 of Semantic Analysis
15/09/09 11:10:55 INFO parse.SemanticAnalyzer: Get metadata for source tables
15/09/09 11:10:55 INFO metastore.HiveMetaStore: 0: get_table : db=default tbl=foo_prim
15/09/09 11:10:55 INFO HiveMetaStore.audit: ugi=hpatel	ip=unknown-ip-addr	cmd=get_table : db=default tbl=foo_prim	
15/09/09 11:10:55 INFO parse.SemanticAnalyzer: Get metadata for subqueries
15/09/09 11:10:55 INFO parse.SemanticAnalyzer: Get metadata for destination tables
15/09/09 11:10:55 INFO ql.Context: New scratch dir is file:/var/folders/y7/4_pz5fzx54ngcmghz3v6t3m00000gn/T/junit3814940346317952918/scratchdir/hive_2015-09-09_11-10-55_395_7936201646118649457-1
15/09/09 11:10:55 INFO parse.SemanticAnalyzer: Completed getting MetaData in Semantic Analysis
15/09/09 11:10:55 INFO common.FileUtils: Creating directory if it doesn't exist: file:/var/folders/y7/4_pz5fzx54ngcmghz3v6t3m00000gn/T/junit3814940346317952918/scratchdir/hive_2015-09-09_11-10-55_395_7936201646118649457-1/-mr-10000/.hive-staging_hive_2015-09-09_11-10-55_395_7936201646118649457-1
15/09/09 11:10:55 INFO parse.SemanticAnalyzer: Set stats collection dir : file:/var/folders/y7/4_pz5fzx54ngcmghz3v6t3m00000gn/T/junit3814940346317952918/scratchdir/hive_2015-09-09_11-10-55_395_7936201646118649457-1/-mr-10000/.hive-staging_hive_2015-09-09_11-10-55_395_7936201646118649457-1/-ext-10002
15/09/09 11:10:55 INFO ppd.OpProcFactory: Processing for FS(28)
15/09/09 11:10:55 INFO ppd.OpProcFactory: Processing for SEL(27)
15/09/09 11:10:55 INFO ppd.OpProcFactory: Processing for TS(26)
15/09/09 11:10:55 INFO parse.SemanticAnalyzer: Completed plan generation
15/09/09 11:10:55 INFO ql.Driver: Semantic Analysis Completed
15/09/09 11:10:55 INFO log.PerfLogger: </PERFLOG method=semanticAnalyze start=1441815055396 end=1441815055444 duration=48 from=org.apache.hadoop.hive.ql.Driver>
15/09/09 11:10:55 INFO exec.TableScanOperator: Initializing Self 26 TS
15/09/09 11:10:55 INFO exec.TableScanOperator: Operator 26 TS initialized
15/09/09 11:10:55 INFO exec.TableScanOperator: Initializing children of 26 TS
15/09/09 11:10:55 INFO exec.SelectOperator: Initializing child 27 SEL
15/09/09 11:10:55 INFO exec.SelectOperator: Initializing Self 27 SEL
15/09/09 11:10:55 INFO exec.SelectOperator: SELECT struct<s1:string,s2:string>
15/09/09 11:10:55 INFO exec.SelectOperator: Operator 27 SEL initialized
15/09/09 11:10:55 INFO exec.SelectOperator: Initializing children of 27 SEL
15/09/09 11:10:55 INFO exec.ListSinkOperator: Initializing child 29 OP
15/09/09 11:10:55 INFO exec.ListSinkOperator: Initializing Self 29 OP
15/09/09 11:10:55 INFO exec.ListSinkOperator: Operator 29 OP initialized
15/09/09 11:10:55 INFO exec.ListSinkOperator: Initialization Done 29 OP
15/09/09 11:10:55 INFO exec.SelectOperator: Initialization Done 27 SEL
15/09/09 11:10:55 INFO exec.TableScanOperator: Initialization Done 26 TS
15/09/09 11:10:55 INFO ql.Driver: Returning Hive schema: Schema(fieldSchemas:[FieldSchema(name:foo_prim.s1, type:string, comment:null), FieldSchema(name:foo_prim.s2, type:string, comment:null)], properties:null)
15/09/09 11:10:55 INFO log.PerfLogger: </PERFLOG method=compile start=1441815055395 end=1441815055446 duration=51 from=org.apache.hadoop.hive.ql.Driver>
15/09/09 11:10:55 INFO log.PerfLogger: <PERFLOG method=Driver.execute from=org.apache.hadoop.hive.ql.Driver>
15/09/09 11:10:55 INFO ql.Driver: Starting command: select * from foo_prim
15/09/09 11:10:55 INFO log.PerfLogger: </PERFLOG method=TimeToSubmit start=1441815055395 end=1441815055446 duration=51 from=org.apache.hadoop.hive.ql.Driver>
15/09/09 11:10:55 INFO log.PerfLogger: <PERFLOG method=runTasks from=org.apache.hadoop.hive.ql.Driver>
15/09/09 11:10:55 INFO log.PerfLogger: </PERFLOG method=runTasks start=1441815055446 end=1441815055446 duration=0 from=org.apache.hadoop.hive.ql.Driver>
15/09/09 11:10:55 INFO log.PerfLogger: </PERFLOG method=Driver.execute start=1441815055446 end=1441815055446 duration=0 from=org.apache.hadoop.hive.ql.Driver>
OK
15/09/09 11:10:55 INFO ql.Driver: OK
15/09/09 11:10:55 INFO log.PerfLogger: <PERFLOG method=releaseLocks from=org.apache.hadoop.hive.ql.Driver>
15/09/09 11:10:55 INFO log.PerfLogger: </PERFLOG method=releaseLocks start=1441815055446 end=1441815055446 duration=0 from=org.apache.hadoop.hive.ql.Driver>
15/09/09 11:10:55 INFO log.PerfLogger: </PERFLOG method=Driver.run start=1441815055395 end=1441815055446 duration=51 from=org.apache.hadoop.hive.ql.Driver>
15/09/09 11:10:55 INFO mapred.FileInputFormat: Total input paths to process : 1
15/09/09 11:10:55 INFO service.HiveServer: Running the query: USE default
15/09/09 11:10:55 INFO exec.TableScanOperator: 26 finished. closing... 
15/09/09 11:10:55 INFO exec.SelectOperator: 27 finished. closing... 
15/09/09 11:10:55 INFO exec.ListSinkOperator: 29 finished. closing... 
15/09/09 11:10:55 INFO exec.ListSinkOperator: 29 Close done
15/09/09 11:10:55 INFO exec.SelectOperator: 27 Close done
15/09/09 11:10:55 INFO exec.TableScanOperator: 26 Close done
15/09/09 11:10:55 INFO log.PerfLogger: <PERFLOG method=Driver.run from=org.apache.hadoop.hive.ql.Driver>
15/09/09 11:10:55 INFO log.PerfLogger: <PERFLOG method=TimeToSubmit from=org.apache.hadoop.hive.ql.Driver>
15/09/09 11:10:55 INFO ql.Driver: Concurrency mode is disabled, not creating a lock manager
15/09/09 11:10:55 INFO log.PerfLogger: <PERFLOG method=compile from=org.apache.hadoop.hive.ql.Driver>
15/09/09 11:10:55 INFO log.PerfLogger: <PERFLOG method=parse from=org.apache.hadoop.hive.ql.Driver>
15/09/09 11:10:55 INFO parse.ParseDriver: Parsing command: USE default
15/09/09 11:10:55 INFO parse.ParseDriver: Parse Completed
15/09/09 11:10:55 INFO log.PerfLogger: </PERFLOG method=parse start=1441815055450 end=1441815055450 duration=0 from=org.apache.hadoop.hive.ql.Driver>
15/09/09 11:10:55 INFO log.PerfLogger: <PERFLOG method=semanticAnalyze from=org.apache.hadoop.hive.ql.Driver>
15/09/09 11:10:55 INFO ql.Driver: Semantic Analysis Completed
15/09/09 11:10:55 INFO log.PerfLogger: </PERFLOG method=semanticAnalyze start=1441815055450 end=1441815055450 duration=0 from=org.apache.hadoop.hive.ql.Driver>
15/09/09 11:10:55 INFO ql.Driver: Returning Hive schema: Schema(fieldSchemas:null, properties:null)
15/09/09 11:10:55 INFO log.PerfLogger: </PERFLOG method=compile start=1441815055449 end=1441815055451 duration=2 from=org.apache.hadoop.hive.ql.Driver>
15/09/09 11:10:55 INFO log.PerfLogger: <PERFLOG method=Driver.execute from=org.apache.hadoop.hive.ql.Driver>
15/09/09 11:10:55 INFO ql.Driver: Starting command: USE default
15/09/09 11:10:55 INFO log.PerfLogger: </PERFLOG method=TimeToSubmit start=1441815055449 end=1441815055451 duration=2 from=org.apache.hadoop.hive.ql.Driver>
15/09/09 11:10:55 INFO log.PerfLogger: <PERFLOG method=runTasks from=org.apache.hadoop.hive.ql.Driver>
15/09/09 11:10:55 INFO log.PerfLogger: <PERFLOG method=task.DDL.Stage-0 from=org.apache.hadoop.hive.ql.Driver>
15/09/09 11:10:55 INFO metastore.HiveMetaStore: 0: get_database: default
15/09/09 11:10:55 INFO HiveMetaStore.audit: ugi=hpatel	ip=unknown-ip-addr	cmd=get_database: default	
15/09/09 11:10:55 INFO metastore.HiveMetaStore: 0: get_database: default
15/09/09 11:10:55 INFO HiveMetaStore.audit: ugi=hpatel	ip=unknown-ip-addr	cmd=get_database: default	
15/09/09 11:10:55 INFO log.PerfLogger: </PERFLOG method=runTasks start=1441815055451 end=1441815055455 duration=4 from=org.apache.hadoop.hive.ql.Driver>
15/09/09 11:10:55 INFO log.PerfLogger: </PERFLOG method=Driver.execute start=1441815055451 end=1441815055455 duration=4 from=org.apache.hadoop.hive.ql.Driver>
OK
15/09/09 11:10:55 INFO ql.Driver: OK
15/09/09 11:10:55 INFO log.PerfLogger: <PERFLOG method=releaseLocks from=org.apache.hadoop.hive.ql.Driver>
15/09/09 11:10:55 INFO log.PerfLogger: </PERFLOG method=releaseLocks start=1441815055455 end=1441815055455 duration=0 from=org.apache.hadoop.hive.ql.Driver>
15/09/09 11:10:55 INFO log.PerfLogger: </PERFLOG method=Driver.run start=1441815055449 end=1441815055455 duration=6 from=org.apache.hadoop.hive.ql.Driver>
15/09/09 11:10:55 INFO metastore.HiveMetaStore: 0: Shutting down the object store...
15/09/09 11:10:55 INFO HiveMetaStore.audit: ugi=hpatel	ip=unknown-ip-addr	cmd=Shutting down the object store...	
15/09/09 11:10:55 INFO metastore.HiveMetaStore: 0: Metastore shutdown complete.
15/09/09 11:10:55 INFO HiveMetaStore.audit: ugi=hpatel	ip=unknown-ip-addr	cmd=Metastore shutdown complete.	
15/09/09 11:10:55 INFO hiverunner.HiveServerContainer: Tore down HiveServer instance
]]></system-err>
</testsuite>
